This is pdfTeX, Version 3.141592653-2.6-1.40.25 (TeX Live 2023) (preloaded format=pdflatex 2023.5.12)  20 MAY 2023 20:37
entering extended mode
 restricted \write18 enabled.
 file:line:error style messages enabled.
 %&-line parsing enabled.
**/home/surtich/projects/TFMQ/tmf.tex
(/home/surtich/projects/TFMQ/tmf.tex
LaTeX2e <2022-11-01> patch level 1
L3 programming layer <2023-05-11> (/home/surtich/.TinyTeX/texmf-dist/tex/latex/memoir/memoir.cls
Document Class: memoir 2022/11/17 v3.7.19 configurable book, report, article document class
(/home/surtich/.TinyTeX/texmf-dist/tex/latex/etoolbox/etoolbox.sty
Package: etoolbox 2020/10/05 v2.5k e-TeX tools for LaTeX (JAW)
\etb@tempcnta=\count185
)
\onelineskip=\skip48
\lxvchars=\skip49
\xlvchars=\skip50
\@memcnta=\count186
\c@@memmarkcntra=\count187
 (/home/surtich/.TinyTeX/texmf-dist/tex/generic/iftex/iftex.sty
Package: iftex 2022/02/03 v1.0f TeX engine tests
)
\stockheight=\dimen140
\stockwidth=\dimen141
\trimtop=\skip51
\trimedge=\skip52
LaTeX Font Info:    Trying to load font information for T1+lmr on input line 707.
 (/home/surtich/.TinyTeX/texmf-dist/tex/latex/lm/t1lmr.fd
File: t1lmr.fd 2015/05/01 v1.6.1 Font defs for Latin Modern
) (/home/surtich/.TinyTeX/texmf-dist/tex/latex/memoir/mem12.clo
File: mem12.clo 2022/07/29 v0.5 memoir class 12pt size option
) (/home/surtich/.TinyTeX/texmf-dist/tex/latex/lm/lmodern.sty
Package: lmodern 2015/05/01 v1.6.1 Latin Modern Fonts
LaTeX Font Info:    Overwriting symbol font `operators' in version `normal'
(Font)                  OT1/cmr/m/n --> OT1/lmr/m/n on input line 22.
LaTeX Font Info:    Overwriting symbol font `letters' in version `normal'
(Font)                  OML/cmm/m/it --> OML/lmm/m/it on input line 23.
LaTeX Font Info:    Overwriting symbol font `symbols' in version `normal'
(Font)                  OMS/cmsy/m/n --> OMS/lmsy/m/n on input line 24.
LaTeX Font Info:    Overwriting symbol font `largesymbols' in version `normal'
(Font)                  OMX/cmex/m/n --> OMX/lmex/m/n on input line 25.
LaTeX Font Info:    Overwriting symbol font `operators' in version `bold'
(Font)                  OT1/cmr/bx/n --> OT1/lmr/bx/n on input line 26.
LaTeX Font Info:    Overwriting symbol font `letters' in version `bold'
(Font)                  OML/cmm/b/it --> OML/lmm/b/it on input line 27.
LaTeX Font Info:    Overwriting symbol font `symbols' in version `bold'
(Font)                  OMS/cmsy/b/n --> OMS/lmsy/b/n on input line 28.
LaTeX Font Info:    Overwriting symbol font `largesymbols' in version `bold'
(Font)                  OMX/cmex/m/n --> OMX/lmex/m/n on input line 29.
LaTeX Font Info:    Overwriting math alphabet `\mathbf' in version `normal'
(Font)                  OT1/cmr/bx/n --> OT1/lmr/bx/n on input line 31.
LaTeX Font Info:    Overwriting math alphabet `\mathsf' in version `normal'
(Font)                  OT1/cmss/m/n --> OT1/lmss/m/n on input line 32.
LaTeX Font Info:    Overwriting math alphabet `\mathit' in version `normal'
(Font)                  OT1/cmr/m/it --> OT1/lmr/m/it on input line 33.
LaTeX Font Info:    Overwriting math alphabet `\mathtt' in version `normal'
(Font)                  OT1/cmtt/m/n --> OT1/lmtt/m/n on input line 34.
LaTeX Font Info:    Overwriting math alphabet `\mathbf' in version `bold'
(Font)                  OT1/cmr/bx/n --> OT1/lmr/bx/n on input line 35.
LaTeX Font Info:    Overwriting math alphabet `\mathsf' in version `bold'
(Font)                  OT1/cmss/bx/n --> OT1/lmss/bx/n on input line 36.
LaTeX Font Info:    Overwriting math alphabet `\mathit' in version `bold'
(Font)                  OT1/cmr/bx/it --> OT1/lmr/bx/it on input line 37.
LaTeX Font Info:    Overwriting math alphabet `\mathtt' in version `bold'
(Font)                  OT1/cmtt/m/n --> OT1/lmtt/m/n on input line 38.
) (/home/surtich/.TinyTeX/texmf-dist/tex/latex/base/fontenc.sty
Package: fontenc 2021/04/29 v2.0v Standard LaTeX package
)
\binding=\skip53
\spinemargin=\skip54
\foremargin=\skip55
\uppermargin=\skip56
\lowermargin=\skip57
\headdrop=\skip58
\normalrulethickness=\skip59
\mem@maxheadheight=\skip60
\mem@maxfootheight=\skip61
\headwidth=\skip62
\c@storedpagenumber=\count188
\memPD=\dimen142
\m@mabparskip=\skip63
\thanksmarkwidth=\skip64
\thanksmarksep=\skip65
\droptitle=\skip66
\c@book=\count189
\c@part=\count190
\c@chapter=\count191
\c@section=\count192
\c@subsection=\count193
\c@subsubsection=\count194
\c@paragraph=\count195
\c@subparagraph=\count196
\beforechapskip=\skip67
\midchapskip=\skip68
\afterchapskip=\skip69
\chapindent=\skip70
\bottomsectionskip=\skip71
\secindent=\skip72
\beforesecskip=\skip73
\aftersecskip=\skip74
\subsecindent=\skip75
\beforesubsecskip=\skip76
\aftersubsecskip=\skip77
\subsubsecindent=\skip78
\beforesubsubsecskip=\skip79
\aftersubsubsecskip=\skip80
\paraindent=\skip81
\beforeparaskip=\skip82
\afterparaskip=\skip83
\subparaindent=\skip84
\beforesubparaskip=\skip85
\aftersubparaskip=\skip86
\pfbreakskip=\skip87
\c@@ppsavesec=\count197
\c@@ppsaveapp=\count198
\ragrparindent=\dimen143
\everylistparindent=\dimen144
\parsepi=\skip88
\topsepi=\skip89
\itemsepi=\skip90
\parsepii=\skip91
\topsepii=\skip92
\topsepiii=\skip93
\itemsepii=\skip94
\itemsepiii=\skip95
\partopsepii=\skip96
\partopsepiii=\skip97
\m@msavetopsep=\skip98
\m@msavepartopsep=\skip99
\@enLab=\toks16
\abstitleskip=\skip100
\absleftindent=\skip101
\abs@leftindent=\dimen145
\absrightindent=\skip102
\absparindent=\skip103
\absparsep=\skip104
\c@vslineno=\count199
\c@poemline=\count266
\c@modulo@vs=\count267
\c@memfvsline=\count268
\vleftskip=\skip105
\vrightskip=\skip106
\stanzaskip=\skip107
\versewidth=\skip108
\vgap=\skip109
\vindent=\skip110
\vleftmargin=\dimen146
\c@verse=\count269
\c@chrsinstr=\count270
\beforepoemtitleskip=\skip111
\afterpoemtitleskip=\skip112
\c@poem=\count271
\beforePoemTitleskip=\skip113
\midPoemTitleskip=\skip114
\afterPoemTitleskip=\skip115
 (/home/surtich/.TinyTeX/texmf-dist/tex/latex/tools/array.sty
Package: array 2022/09/04 v2.5g Tabular extension package (FMi)
\col@sep=\dimen147
\ar@mcellbox=\box51
\extrarowheight=\dimen148
\NC@list=\toks17
\extratabsurround=\skip116
\backup@length=\skip117
\ar@cellbox=\box52
) (/home/surtich/.TinyTeX/texmf-dist/tex/latex/tools/dcolumn.sty
Package: dcolumn 2014/10/28 v1.06 decimal alignment package (DPC)
) (/home/surtich/.TinyTeX/texmf-dist/tex/latex/tools/delarray.sty
Package: delarray 2014/10/28 v1.01 array delimiter package (DPC)
) (/home/surtich/.TinyTeX/texmf-dist/tex/latex/tools/tabularx.sty
Package: tabularx 2020/01/15 v2.11c `tabularx' package (DPC)
\TX@col@width=\dimen149
\TX@old@table=\dimen150
\TX@old@col=\dimen151
\TX@target=\dimen152
\TX@delta=\dimen153
\TX@cols=\count272
\TX@ftn=\toks18
)
\heavyrulewidth=\dimen154
\lightrulewidth=\dimen155
\cmidrulewidth=\dimen156
\belowrulesep=\dimen157
\belowbottomsep=\dimen158
\aboverulesep=\dimen159
\abovetopsep=\dimen160
\cmidrulesep=\dimen161
\cmidrulekern=\dimen162
\defaultaddspace=\dimen163
\@cmidla=\count273
\@cmidlb=\count274
\@aboverulesep=\dimen164
\@belowrulesep=\dimen165
\@thisruleclass=\count275
\@lastruleclass=\count276
\@thisrulewidth=\dimen166
\ctableftskip=\skip118
\ctabrightskip=\skip119
\abovecolumnspenalty=\count277
\@linestogo=\count278
\@cellstogo=\count279
\@cellsincolumn=\count280
\crtok=\toks19
\@mincolumnwidth=\dimen167
\c@newflo@tctr=\count281
\mem@margin@floatbox=\box53
\@contcwidth=\skip120
\@contindw=\skip121
\abovecaptionskip=\skip122
\belowcaptionskip=\skip123
\subfloattopskip=\skip124
\subfloatcapskip=\skip125
\subfloatcaptopadj=\skip126
\subfloatbottomskip=\skip127
\subfloatlabelskip=\skip128
\subfloatcapmargin=\dimen168
\c@@contsubnum=\count282
\m@mscap@capbox=\box54
\m@mscap@fbox=\box55
\sidecapsep=\dimen169
\sidecapwidth=\dimen170
\m@m@tempdima=\dimen171
\m@mscapraise=\dimen172
\sidecapraise=\dimen173
\m@mscapmainwidth=\dimen174
\m@mscaplkern=\dimen175
\beforeepigraphskip=\skip129
\afterepigraphskip=\skip130
\epigraphwidth=\skip131
\epigraphrule=\skip132
LaTeX Info: Redefining \em on input line 7655.
LaTeX Info: Redefining \emph on input line 7663.
\tocentryskip=\skip133
\tocbaseline=\skip134
\cftparskip=\skip135
\cftbeforebookskip=\skip136
\cftbookindent=\dimen176
\cftbooknumwidth=\dimen177
\cftbeforepartskip=\skip137
\cftpartindent=\skip138
\cftpartnumwidth=\skip139
\cftbeforechapterskip=\skip140
\cftchapterindent=\skip141
\cftchapternumwidth=\skip142
\cftbeforesectionskip=\skip143
\cftsectionindent=\skip144
\cftsectionnumwidth=\skip145
\cftbeforesubsectionskip=\skip146
\cftsubsectionindent=\skip147
\cftsubsectionnumwidth=\skip148
\cftbeforesubsubsectionskip=\skip149
\cftsubsubsectionindent=\skip150
\cftsubsubsectionnumwidth=\skip151
\cftbeforeparagraphskip=\skip152
\cftparagraphindent=\skip153
\cftparagraphnumwidth=\skip154
\cftbeforesubparagraphskip=\skip155
\cftsubparagraphindent=\skip156
\cftsubparagraphnumwidth=\skip157
\prechapterprecisshift=\dimen178
\c@maxsecnumdepth=\count283
\bibindent=\dimen179
\bibitemsep=\skip158
\indexcolsep=\skip159
\indexrule=\skip160
\indexmarkstyle=\toks20
\@indexbox=\insert252
\glossarycolsep=\dimen180
\glossaryrule=\dimen181
\sideparvshift=\skip161
\sideins=\insert251
\sidebartopsep=\skip162
\sidebarhsep=\skip163
\sidebarvsep=\skip164
\sidebarwidth=\skip165
\footmarkwidth=\skip166
\footmarksep=\skip167
\footparindent=\skip168
\footinsdim=\skip169
\footinsv@r=\insert250
\@mpfootinsv@r=\insert249
\m@m@k=\count284
\m@m@h=\dimen182
\m@mipn@skip=\skip170
\sidefootins=\insert248
\sidefootadjust=\skip171
\sidefootheight=\skip172
\sidefoothsep=\skip173
\sidefootvsep=\skip174
\sidefootwidth=\skip175
\m@mdownsf=\skip176
\c@sidefootnote=\count285
\sidefootmarkwidth=\skip177
\sidefootmarksep=\skip178
\sidefootparindent=\skip179
\c@pagenote=\count286
\c@pagenoteshadow=\count287
\mem@pn@lastkern=\skip180
\every@verbatim=\toks21
\afterevery@verbatim=\toks22
\verbatim@line=\toks23
\tab@position=\count288
\verbatim@in@stream=\read2
\verbatimindent=\skip181
\verbatim@out=\write3
\bvboxsep=\skip182
\c@memfbvline=\count289
\c@bvlinectr=\count290
\bvnumlength=\skip183
\fb@frw=\dimen183
\fb@frh=\dimen184
\FrameRule=\dimen185
\FrameSep=\dimen186
\c@cp@cntr=\count291
\c@ism@mctr=\count292
\c@xsm@mctr=\count293
\c@csm@mctr=\count294
\c@ksm@mctr=\count295
\c@xksm@mctr=\count296
\c@cksm@mctr=\count297
\c@msm@mctr=\count298
\c@xmsm@mctr=\count299
\c@cmsm@mctr=\count300
\c@bsm@mctr=\count301
\c@workm@mctr=\count302
\c@sheetsequence=\count303
\c@lastsheet=\count304
\c@lastpage=\count305
 (/home/surtich/.TinyTeX/texmf-dist/tex/latex/textcase/textcase.sty
Package: textcase 2022/07/10 v1.03 Text only upper/lower case changing (DPC)
Package textcase Info: Defining Legacy names on input line 20.
)
\c@figure=\count306
\c@lofdepth=\count307
\cftbeforefigureskip=\skip184
\cftfigureindent=\skip185
\cftfigurenumwidth=\skip186
\c@table=\count308
\c@lotdepth=\count309
\cftbeforetableskip=\skip187
\cfttableindent=\skip188
\cfttablenumwidth=\skip189
Package abstract [2008/07/23] emulated by memoir.
Package appendix [2008/07/23] emulated by memoir.
Package booktabs [2016/05/16] emulated by memoir.
Package ccaption [2008/07/23] emulated by memoir.
Package changepage [2008/07/23] emulated by memoir.
Package chngcntr [2008/07/23] emulated by memoir.
Package chngpage [2008/07/23] emulated by memoir.
Package crop emulated by memoir.
Package enumerate [2008/07/23] emulated by memoir.
Package epigraph [2008/07/23] emulated by memoir.
Package ifmtarg [2008/07/23] emulated by memoir.
Package index [2008/07/23] emulated by memoir.
Package makeidx [2008/07/23] emulated by memoir.
Package moreverb [2008/07/23] emulated by memoir.
Package needspace [2008/07/23] emulated by memoir.
Package newfile [2008/07/23] emulated by memoir.
Package nextpage [2008/07/23] emulated by memoir.
Package pagenote [2008/07/23] emulated by memoir.
Package parskip [2008/07/23] emulated by memoir.
Package patchcmd [2008/07/23] emulated by memoir.
Package setspace [2008/07/23] emulated by memoir.
Package shortvrb [2008/07/23] emulated by memoir.
Package showidx [2008/07/23] emulated by memoir.
Package titleref [2008/07/23] emulated by memoir.
Package titling [2008/07/23] emulated by memoir.
Package tocbibind [2008/07/23] emulated by memoir.
Package tocloft [2008/07/23] emulated by memoir.
Package tocvsec2 [2008/07/23] emulated by memoir.
Package verbatim [2008/07/23] emulated by memoir.
Package verse [2008/07/23] emulated by memoir.
) (/home/surtich/.TinyTeX/texmf-dist/tex/latex/amsmath/amsmath.sty
Package: amsmath 2022/04/08 v2.17n AMS math features
\@mathmargin=\skip190

For additional information on amsmath, use the `?' option.
(/home/surtich/.TinyTeX/texmf-dist/tex/latex/amsmath/amstext.sty
Package: amstext 2021/08/26 v2.01 AMS text
 (/home/surtich/.TinyTeX/texmf-dist/tex/latex/amsmath/amsgen.sty
File: amsgen.sty 1999/11/30 v2.0 generic functions
\@emptytoks=\toks24
\ex@=\dimen187
)) (/home/surtich/.TinyTeX/texmf-dist/tex/latex/amsmath/amsbsy.sty
Package: amsbsy 1999/11/29 v1.2d Bold Symbols
\pmbraise@=\dimen188
) (/home/surtich/.TinyTeX/texmf-dist/tex/latex/amsmath/amsopn.sty
Package: amsopn 2022/04/08 v2.04 operator names
)
\inf@bad=\count310
LaTeX Info: Redefining \frac on input line 234.
\uproot@=\count311
\leftroot@=\count312
LaTeX Info: Redefining \overline on input line 399.
LaTeX Info: Redefining \colon on input line 410.
\classnum@=\count313
\DOTSCASE@=\count314
LaTeX Info: Redefining \ldots on input line 496.
LaTeX Info: Redefining \dots on input line 499.
LaTeX Info: Redefining \cdots on input line 620.
\Mathstrutbox@=\box56
\strutbox@=\box57
LaTeX Info: Redefining \big on input line 722.
LaTeX Info: Redefining \Big on input line 723.
LaTeX Info: Redefining \bigg on input line 724.
LaTeX Info: Redefining \Bigg on input line 725.
\big@size=\dimen189
LaTeX Font Info:    Redeclaring font encoding OML on input line 743.
LaTeX Font Info:    Redeclaring font encoding OMS on input line 744.
\macc@depth=\count315
LaTeX Info: Redefining \bmod on input line 905.
LaTeX Info: Redefining \pmod on input line 910.
LaTeX Info: Redefining \smash on input line 940.
LaTeX Info: Redefining \relbar on input line 970.
LaTeX Info: Redefining \Relbar on input line 971.
\c@MaxMatrixCols=\count316
\dotsspace@=\muskip16
\c@parentequation=\count317
\dspbrk@lvl=\count318
\tag@help=\toks25
\row@=\count319
\column@=\count320
\maxfields@=\count321
\andhelp@=\toks26
\eqnshift@=\dimen190
\alignsep@=\dimen191
\tagshift@=\dimen192
\tagwidth@=\dimen193
\totwidth@=\dimen194
\lineht@=\dimen195
\@envbody=\toks27
\multlinegap=\skip191
\multlinetaggap=\skip192
\mathdisplay@stack=\toks28
LaTeX Info: Redefining \[ on input line 2953.
LaTeX Info: Redefining \] on input line 2954.
) (/home/surtich/.TinyTeX/texmf-dist/tex/latex/amsfonts/amssymb.sty
Package: amssymb 2013/01/14 v3.01 AMS font symbols
 (/home/surtich/.TinyTeX/texmf-dist/tex/latex/amsfonts/amsfonts.sty
Package: amsfonts 2013/01/14 v3.01 Basic AMSFonts support
\symAMSa=\mathgroup4
\symAMSb=\mathgroup5
LaTeX Font Info:    Redeclaring math symbol \hbar on input line 98.
LaTeX Font Info:    Overwriting math alphabet `\mathfrak' in version `bold'
(Font)                  U/euf/m/n --> U/euf/b/n on input line 106.
)) (/home/surtich/.TinyTeX/texmf-dist/tex/latex/base/fontenc.sty
Package: fontenc 2021/04/29 v2.0v Standard LaTeX package
) (/home/surtich/.TinyTeX/texmf-dist/tex/latex/base/inputenc.sty
Package: inputenc 2021/02/14 v1.3d Input encoding file
\inpenc@prehook=\toks29
\inpenc@posthook=\toks30
) (/home/surtich/.TinyTeX/texmf-dist/tex/latex/base/textcomp.sty
Package: textcomp 2020/02/02 v2.0n Standard LaTeX package
) (/home/surtich/.TinyTeX/texmf-dist/tex/latex/upquote/upquote.sty
Package: upquote 2012/04/19 v1.3 upright-quote and grave-accent glyphs in verbatim
) (/home/surtich/.TinyTeX/texmf-dist/tex/latex/microtype/microtype.sty
Package: microtype 2023/03/06 v3.1 Micro-typographical refinements (RS)
 (/home/surtich/.TinyTeX/texmf-dist/tex/latex/graphics/keyval.sty
Package: keyval 2022/05/29 v1.15 key=value parser (DPC)
\KV@toks@=\toks31
)
\MT@toks=\toks32
\MT@tempbox=\box58
\MT@count=\count322
LaTeX Info: Redefining \noprotrusionifhmode on input line 1060.
LaTeX Info: Redefining \leftprotrusion on input line 1061.
\MT@prot@toks=\toks33
LaTeX Info: Redefining \rightprotrusion on input line 1079.
LaTeX Info: Redefining \textls on input line 1355.
\MT@outer@kern=\dimen196
LaTeX Info: Redefining \textmicrotypecontext on input line 1975.
\MT@listname@count=\count323
 (/home/surtich/.TinyTeX/texmf-dist/tex/latex/microtype/microtype-pdftex.def
File: microtype-pdftex.def 2023/03/06 v3.1 Definitions specific to pdftex (RS)
LaTeX Info: Redefining \lsstyle on input line 903.
LaTeX Info: Redefining \lslig on input line 903.
\MT@outer@space=\skip193
)
Package microtype Info: Loading configuration file microtype.cfg.
 (/home/surtich/.TinyTeX/texmf-dist/tex/latex/microtype/microtype.cfg
File: microtype.cfg 2023/03/06 v3.1 microtype main configuration file (RS)
)) (/home/surtich/.TinyTeX/texmf-dist/tex/latex/xcolor/xcolor.sty
Package: xcolor 2022/06/12 v2.14 LaTeX color extensions (UK)
 (/home/surtich/.TinyTeX/texmf-dist/tex/latex/graphics-cfg/color.cfg
File: color.cfg 2016/01/02 v1.6 sample color configuration
)
Package xcolor Info: Driver file: pdftex.def on input line 227.
 (/home/surtich/.TinyTeX/texmf-dist/tex/latex/graphics-def/pdftex.def
File: pdftex.def 2022/09/22 v1.2b Graphics/color driver for pdftex
) (/home/surtich/.TinyTeX/texmf-dist/tex/latex/colortbl/colortbl.sty
Package: colortbl 2022/06/20 v1.0f Color table columns (DPC)
\everycr=\toks34
\minrowclearance=\skip194
\rownum=\count324
) (/home/surtich/.TinyTeX/texmf-dist/tex/latex/graphics/mathcolor.ltx)
Package xcolor Info: Model `cmy' substituted by `cmy0' on input line 1353.
Package xcolor Info: Model `hsb' substituted by `rgb' on input line 1357.
Package xcolor Info: Model `RGB' extended on input line 1369.
Package xcolor Info: Model `HTML' substituted by `rgb' on input line 1371.
Package xcolor Info: Model `Hsb' substituted by `hsb' on input line 1372.
Package xcolor Info: Model `tHsb' substituted by `hsb' on input line 1373.
Package xcolor Info: Model `HSB' substituted by `hsb' on input line 1374.
Package xcolor Info: Model `Gray' substituted by `gray' on input line 1375.
Package xcolor Info: Model `wave' substituted by `hsb' on input line 1376.
 (/home/surtich/.TinyTeX/texmf-dist/tex/latex/graphics/dvipsnam.def
File: dvipsnam.def 2016/06/17 v3.0m Driver-dependent file (DPC,SPQR)
) (/home/surtich/.TinyTeX/texmf-dist/tex/latex/xcolor/svgnam.def
File: svgnam.def 2022/06/12 v2.14 Predefined colors according to SVG 1.1 (UK)
) (/home/surtich/.TinyTeX/texmf-dist/tex/latex/xcolor/x11nam.def
File: x11nam.def 2022/06/12 v2.14 Predefined colors according to Unix/X11 (UK)
)) (/home/surtich/.TinyTeX/texmf-dist/tex/latex/fancyvrb/fancyvrb.sty
Package: fancyvrb 2023/01/19 4.5a verbatim text (tvz,hv)
\FV@CodeLineNo=\count325
\FV@InFile=\read3
\FV@TabBox=\box59
\c@FancyVerbLine=\count326
\FV@StepNumber=\count327
\FV@OutFile=\write4
) (/home/surtich/.TinyTeX/texmf-dist/tex/latex/framed/framed.sty
Package: framed 2011/10/22 v 0.96: framed or shaded text with page breaks
\OuterFrameSep=\skip195
\fb@frw=\dimen197
\fb@frh=\dimen198
) (/home/surtich/.TinyTeX/texmf-dist/tex/latex/tools/longtable.sty
Package: longtable 2021-09-01 v4.17 Multi-page Table package (DPC)
\LTleft=\skip196
\LTright=\skip197
\LTpre=\skip198
\LTpost=\skip199
\LTchunksize=\count328
\LTcapwidth=\dimen199
\LT@head=\box60
\LT@firsthead=\box61
\LT@foot=\box62
\LT@lastfoot=\box63
\LT@gbox=\box64
\LT@cols=\count329
\LT@rows=\count330
\c@LT@tables=\count331
\c@LT@chunks=\count332
\LT@p@ftn=\toks35
) (/home/surtich/.TinyTeX/texmf-dist/tex/latex/tools/calc.sty
Package: calc 2017/05/25 v4.3 Infix arithmetic (KKT,FJ)
\calc@Acount=\count333
\calc@Bcount=\count334
\calc@Adimen=\dimen256
\calc@Bdimen=\dimen257
\calc@Askip=\skip256
\calc@Bskip=\skip257
LaTeX Info: Redefining \setlength on input line 80.
LaTeX Info: Redefining \addtolength on input line 81.
\calc@Ccount=\count335
\calc@Cskip=\skip258
) (/home/surtich/.TinyTeX/texmf-dist/tex/latex/mdwtools/footnote.sty
Package: footnote 1997/01/28 1.13 Save footnotes around boxes
\fn@notes=\box65
\fn@width=\dimen258
) (/home/surtich/.TinyTeX/texmf-dist/tex/latex/graphics/graphicx.sty
Package: graphicx 2021/09/16 v1.2d Enhanced LaTeX Graphics (DPC,SPQR)
 (/home/surtich/.TinyTeX/texmf-dist/tex/latex/graphics/graphics.sty
Package: graphics 2022/03/10 v1.4e Standard LaTeX Graphics (DPC,SPQR)
 (/home/surtich/.TinyTeX/texmf-dist/tex/latex/graphics/trig.sty
Package: trig 2021/08/11 v1.11 sin cos tan (DPC)
) (/home/surtich/.TinyTeX/texmf-dist/tex/latex/graphics-cfg/graphics.cfg
File: graphics.cfg 2016/06/04 v1.11 sample graphics configuration
)
Package graphics Info: Driver file: pdftex.def on input line 107.
)
\Gin@req@height=\dimen259
\Gin@req@width=\dimen260
) (/home/surtich/.TinyTeX/texmf-dist/tex/latex/bclogo/bclogo.sty
Package: bclogo 2016/01/10 v3.1
 (/home/surtich/.TinyTeX/texmf-dist/tex/latex/xkeyval/xkeyval.sty
Package: xkeyval 2022/06/16 v2.9 package option processing (HA)
 (/home/surtich/.TinyTeX/texmf-dist/tex/generic/xkeyval/xkeyval.tex (/home/surtich/.TinyTeX/texmf-dist/tex/generic/xkeyval/xkvutils.tex
\XKV@toks=\toks36
\XKV@tempa@toks=\toks37
)
\XKV@depth=\count336
File: xkeyval.tex 2014/12/03 v2.7a key=value parser (HA)
)) (/home/surtich/.TinyTeX/texmf-dist/tex/latex/base/ifthen.sty
Package: ifthen 2022/04/13 v1.1d Standard LaTeX ifthen package (DPC)
)
\bc@invboxh=\skip259
\bc@invboxd=\skip260
\bc@titleLength=\skip261
\logowidth=\skip262
 (/home/surtich/.TinyTeX/texmf-dist/tex/latex/pgf/frontendlayer/tikz.sty (/home/surtich/.TinyTeX/texmf-dist/tex/latex/pgf/basiclayer/pgf.sty (/home/surtich/.TinyTeX/texmf-dist/tex/latex/pgf/utilities/pgfrcs.sty (/home/surtich/.TinyTeX/texmf-dist/tex/generic/pgf/utilities/pgfutil-common.tex
\pgfutil@everybye=\toks38
\pgfutil@tempdima=\dimen261
\pgfutil@tempdimb=\dimen262
) (/home/surtich/.TinyTeX/texmf-dist/tex/generic/pgf/utilities/pgfutil-latex.def
\pgfutil@abb=\box66
) (/home/surtich/.TinyTeX/texmf-dist/tex/generic/pgf/utilities/pgfrcs.code.tex (/home/surtich/.TinyTeX/texmf-dist/tex/generic/pgf/pgf.revision.tex)
Package: pgfrcs 2023-01-15 v3.1.10 (3.1.10)
))
Package: pgf 2023-01-15 v3.1.10 (3.1.10)
 (/home/surtich/.TinyTeX/texmf-dist/tex/latex/pgf/basiclayer/pgfcore.sty (/home/surtich/.TinyTeX/texmf-dist/tex/latex/pgf/systemlayer/pgfsys.sty (/home/surtich/.TinyTeX/texmf-dist/tex/generic/pgf/systemlayer/pgfsys.code.tex
Package: pgfsys 2023-01-15 v3.1.10 (3.1.10)
 (/home/surtich/.TinyTeX/texmf-dist/tex/generic/pgf/utilities/pgfkeys.code.tex
\pgfkeys@pathtoks=\toks39
\pgfkeys@temptoks=\toks40
 (/home/surtich/.TinyTeX/texmf-dist/tex/generic/pgf/utilities/pgfkeyslibraryfiltered.code.tex
\pgfkeys@tmptoks=\toks41
))
\pgf@x=\dimen263
\pgf@y=\dimen264
\pgf@xa=\dimen265
\pgf@ya=\dimen266
\pgf@xb=\dimen267
\pgf@yb=\dimen268
\pgf@xc=\dimen269
\pgf@yc=\dimen270
\pgf@xd=\dimen271
\pgf@yd=\dimen272
\w@pgf@writea=\write5
\r@pgf@reada=\read4
\c@pgf@counta=\count337
\c@pgf@countb=\count338
\c@pgf@countc=\count339
\c@pgf@countd=\count340
\t@pgf@toka=\toks42
\t@pgf@tokb=\toks43
\t@pgf@tokc=\toks44
\pgf@sys@id@count=\count341
 (/home/surtich/.TinyTeX/texmf-dist/tex/generic/pgf/systemlayer/pgf.cfg
File: pgf.cfg 2023-01-15 v3.1.10 (3.1.10)
)
Driver file for pgf: pgfsys-pdftex.def
 (/home/surtich/.TinyTeX/texmf-dist/tex/generic/pgf/systemlayer/pgfsys-pdftex.def
File: pgfsys-pdftex.def 2023-01-15 v3.1.10 (3.1.10)
 (/home/surtich/.TinyTeX/texmf-dist/tex/generic/pgf/systemlayer/pgfsys-common-pdf.def
File: pgfsys-common-pdf.def 2023-01-15 v3.1.10 (3.1.10)
))) (/home/surtich/.TinyTeX/texmf-dist/tex/generic/pgf/systemlayer/pgfsyssoftpath.code.tex
File: pgfsyssoftpath.code.tex 2023-01-15 v3.1.10 (3.1.10)
\pgfsyssoftpath@smallbuffer@items=\count342
\pgfsyssoftpath@bigbuffer@items=\count343
) (/home/surtich/.TinyTeX/texmf-dist/tex/generic/pgf/systemlayer/pgfsysprotocol.code.tex
File: pgfsysprotocol.code.tex 2023-01-15 v3.1.10 (3.1.10)
)) (/home/surtich/.TinyTeX/texmf-dist/tex/generic/pgf/basiclayer/pgfcore.code.tex
Package: pgfcore 2023-01-15 v3.1.10 (3.1.10)
 (/home/surtich/.TinyTeX/texmf-dist/tex/generic/pgf/math/pgfmath.code.tex (/home/surtich/.TinyTeX/texmf-dist/tex/generic/pgf/math/pgfmathutil.code.tex) (/home/surtich/.TinyTeX/texmf-dist/tex/generic/pgf/math/pgfmathparser.code.tex
\pgfmath@dimen=\dimen273
\pgfmath@count=\count344
\pgfmath@box=\box67
\pgfmath@toks=\toks45
\pgfmath@stack@operand=\toks46
\pgfmath@stack@operation=\toks47
) (/home/surtich/.TinyTeX/texmf-dist/tex/generic/pgf/math/pgfmathfunctions.code.tex) (/home/surtich/.TinyTeX/texmf-dist/tex/generic/pgf/math/pgfmathfunctions.basic.code.tex) (/home/surtich/.TinyTeX/texmf-dist/tex/generic/pgf/math/pgfmathfunctions.trigonometric.code.tex) (/home/surtich/.TinyTeX/texmf-dist/tex/generic/pgf/math/pgfmathfunctions.random.code.tex) (/home/surtich/.TinyTeX/texmf-dist/tex/generic/pgf/math/pgfmathfunctions.comparison.code.tex) (/home/surtich/.TinyTeX/texmf-dist/tex/generic/pgf/math/pgfmathfunctions.base.code.tex) (/home/surtich/.TinyTeX/texmf-dist/tex/generic/pgf/math/pgfmathfunctions.round.code.tex) (/home/surtich/.TinyTeX/texmf-dist/tex/generic/pgf/math/pgfmathfunctions.misc.code.tex) (/home/surtich/.TinyTeX/texmf-dist/tex/generic/pgf/math/pgfmathfunctions.integerarithmetics.code.tex) (/home/surtich/.TinyTeX/texmf-dist/tex/generic/pgf/math/pgfmathcalc.code.tex) (/home/surtich/.TinyTeX/texmf-dist/tex/generic/pgf/math/pgfmathfloat.code.tex
\c@pgfmathroundto@lastzeros=\count345
)) (/home/surtich/.TinyTeX/texmf-dist/tex/generic/pgf/math/pgfint.code.tex) (/home/surtich/.TinyTeX/texmf-dist/tex/generic/pgf/basiclayer/pgfcorepoints.code.tex
File: pgfcorepoints.code.tex 2023-01-15 v3.1.10 (3.1.10)
\pgf@picminx=\dimen274
\pgf@picmaxx=\dimen275
\pgf@picminy=\dimen276
\pgf@picmaxy=\dimen277
\pgf@pathminx=\dimen278
\pgf@pathmaxx=\dimen279
\pgf@pathminy=\dimen280
\pgf@pathmaxy=\dimen281
\pgf@xx=\dimen282
\pgf@xy=\dimen283
\pgf@yx=\dimen284
\pgf@yy=\dimen285
\pgf@zx=\dimen286
\pgf@zy=\dimen287
) (/home/surtich/.TinyTeX/texmf-dist/tex/generic/pgf/basiclayer/pgfcorepathconstruct.code.tex
File: pgfcorepathconstruct.code.tex 2023-01-15 v3.1.10 (3.1.10)
\pgf@path@lastx=\dimen288
\pgf@path@lasty=\dimen289
) (/home/surtich/.TinyTeX/texmf-dist/tex/generic/pgf/basiclayer/pgfcorepathusage.code.tex
File: pgfcorepathusage.code.tex 2023-01-15 v3.1.10 (3.1.10)
\pgf@shorten@end@additional=\dimen290
\pgf@shorten@start@additional=\dimen291
) (/home/surtich/.TinyTeX/texmf-dist/tex/generic/pgf/basiclayer/pgfcorescopes.code.tex
File: pgfcorescopes.code.tex 2023-01-15 v3.1.10 (3.1.10)
\pgfpic=\box68
\pgf@hbox=\box69
\pgf@layerbox@main=\box70
\pgf@picture@serial@count=\count346
) (/home/surtich/.TinyTeX/texmf-dist/tex/generic/pgf/basiclayer/pgfcoregraphicstate.code.tex
File: pgfcoregraphicstate.code.tex 2023-01-15 v3.1.10 (3.1.10)
\pgflinewidth=\dimen292
) (/home/surtich/.TinyTeX/texmf-dist/tex/generic/pgf/basiclayer/pgfcoretransformations.code.tex
File: pgfcoretransformations.code.tex 2023-01-15 v3.1.10 (3.1.10)
\pgf@pt@x=\dimen293
\pgf@pt@y=\dimen294
\pgf@pt@temp=\dimen295
) (/home/surtich/.TinyTeX/texmf-dist/tex/generic/pgf/basiclayer/pgfcorequick.code.tex
File: pgfcorequick.code.tex 2023-01-15 v3.1.10 (3.1.10)
) (/home/surtich/.TinyTeX/texmf-dist/tex/generic/pgf/basiclayer/pgfcoreobjects.code.tex
File: pgfcoreobjects.code.tex 2023-01-15 v3.1.10 (3.1.10)
) (/home/surtich/.TinyTeX/texmf-dist/tex/generic/pgf/basiclayer/pgfcorepathprocessing.code.tex
File: pgfcorepathprocessing.code.tex 2023-01-15 v3.1.10 (3.1.10)
) (/home/surtich/.TinyTeX/texmf-dist/tex/generic/pgf/basiclayer/pgfcorearrows.code.tex
File: pgfcorearrows.code.tex 2023-01-15 v3.1.10 (3.1.10)
\pgfarrowsep=\dimen296
) (/home/surtich/.TinyTeX/texmf-dist/tex/generic/pgf/basiclayer/pgfcoreshade.code.tex
File: pgfcoreshade.code.tex 2023-01-15 v3.1.10 (3.1.10)
\pgf@max=\dimen297
\pgf@sys@shading@range@num=\count347
\pgf@shadingcount=\count348
) (/home/surtich/.TinyTeX/texmf-dist/tex/generic/pgf/basiclayer/pgfcoreimage.code.tex
File: pgfcoreimage.code.tex 2023-01-15 v3.1.10 (3.1.10)
) (/home/surtich/.TinyTeX/texmf-dist/tex/generic/pgf/basiclayer/pgfcoreexternal.code.tex
File: pgfcoreexternal.code.tex 2023-01-15 v3.1.10 (3.1.10)
\pgfexternal@startupbox=\box71
) (/home/surtich/.TinyTeX/texmf-dist/tex/generic/pgf/basiclayer/pgfcorelayers.code.tex
File: pgfcorelayers.code.tex 2023-01-15 v3.1.10 (3.1.10)
) (/home/surtich/.TinyTeX/texmf-dist/tex/generic/pgf/basiclayer/pgfcoretransparency.code.tex
File: pgfcoretransparency.code.tex 2023-01-15 v3.1.10 (3.1.10)
) (/home/surtich/.TinyTeX/texmf-dist/tex/generic/pgf/basiclayer/pgfcorepatterns.code.tex
File: pgfcorepatterns.code.tex 2023-01-15 v3.1.10 (3.1.10)
) (/home/surtich/.TinyTeX/texmf-dist/tex/generic/pgf/basiclayer/pgfcorerdf.code.tex
File: pgfcorerdf.code.tex 2023-01-15 v3.1.10 (3.1.10)
))) (/home/surtich/.TinyTeX/texmf-dist/tex/generic/pgf/modules/pgfmoduleshapes.code.tex
File: pgfmoduleshapes.code.tex 2023-01-15 v3.1.10 (3.1.10)
\pgfnodeparttextbox=\box72
) (/home/surtich/.TinyTeX/texmf-dist/tex/generic/pgf/modules/pgfmoduleplot.code.tex
File: pgfmoduleplot.code.tex 2023-01-15 v3.1.10 (3.1.10)
) (/home/surtich/.TinyTeX/texmf-dist/tex/latex/pgf/compatibility/pgfcomp-version-0-65.sty
Package: pgfcomp-version-0-65 2023-01-15 v3.1.10 (3.1.10)
\pgf@nodesepstart=\dimen298
\pgf@nodesepend=\dimen299
) (/home/surtich/.TinyTeX/texmf-dist/tex/latex/pgf/compatibility/pgfcomp-version-1-18.sty
Package: pgfcomp-version-1-18 2023-01-15 v3.1.10 (3.1.10)
)) (/home/surtich/.TinyTeX/texmf-dist/tex/latex/pgf/utilities/pgffor.sty (/home/surtich/.TinyTeX/texmf-dist/tex/latex/pgf/utilities/pgfkeys.sty (/home/surtich/.TinyTeX/texmf-dist/tex/generic/pgf/utilities/pgfkeys.code.tex)) (/home/surtich/.TinyTeX/texmf-dist/tex/latex/pgf/math/pgfmath.sty (/home/surtich/.TinyTeX/texmf-dist/tex/generic/pgf/math/pgfmath.code.tex)) (/home/surtich/.TinyTeX/texmf-dist/tex/generic/pgf/utilities/pgffor.code.tex
Package: pgffor 2023-01-15 v3.1.10 (3.1.10)
\pgffor@iter=\dimen300
\pgffor@skip=\dimen301
\pgffor@stack=\toks48
\pgffor@toks=\toks49
)) (/home/surtich/.TinyTeX/texmf-dist/tex/generic/pgf/frontendlayer/tikz/tikz.code.tex
Package: tikz 2023-01-15 v3.1.10 (3.1.10)
 (/home/surtich/.TinyTeX/texmf-dist/tex/generic/pgf/libraries/pgflibraryplothandlers.code.tex
File: pgflibraryplothandlers.code.tex 2023-01-15 v3.1.10 (3.1.10)
\pgf@plot@mark@count=\count349
\pgfplotmarksize=\dimen302
)
\tikz@lastx=\dimen303
\tikz@lasty=\dimen304
\tikz@lastxsaved=\dimen305
\tikz@lastysaved=\dimen306
\tikz@lastmovetox=\dimen307
\tikz@lastmovetoy=\dimen308
\tikzleveldistance=\dimen309
\tikzsiblingdistance=\dimen310
\tikz@figbox=\box73
\tikz@figbox@bg=\box74
\tikz@tempbox=\box75
\tikz@tempbox@bg=\box76
\tikztreelevel=\count350
\tikznumberofchildren=\count351
\tikznumberofcurrentchild=\count352
\tikz@fig@count=\count353
 (/home/surtich/.TinyTeX/texmf-dist/tex/generic/pgf/modules/pgfmodulematrix.code.tex
File: pgfmodulematrix.code.tex 2023-01-15 v3.1.10 (3.1.10)
\pgfmatrixcurrentrow=\count354
\pgfmatrixcurrentcolumn=\count355
\pgf@matrix@numberofcolumns=\count356
)
\tikz@expandcount=\count357
 (/home/surtich/.TinyTeX/texmf-dist/tex/generic/pgf/frontendlayer/tikz/libraries/tikzlibrarytopaths.code.tex
File: tikzlibrarytopaths.code.tex 2023-01-15 v3.1.10 (3.1.10)
))) (/home/surtich/.TinyTeX/texmf-dist/tex/latex/mdframed/mdframed.sty
Package: mdframed 2013/07/01 1.9b: mdframed
 (/home/surtich/.TinyTeX/texmf-dist/tex/latex/kvoptions/kvoptions.sty
Package: kvoptions 2022-06-15 v3.15 Key value format for package options (HO)
 (/home/surtich/.TinyTeX/texmf-dist/tex/generic/ltxcmds/ltxcmds.sty
Package: ltxcmds 2020-05-10 v1.25 LaTeX kernel commands for general use (HO)
) (/home/surtich/.TinyTeX/texmf-dist/tex/latex/kvsetkeys/kvsetkeys.sty
Package: kvsetkeys 2022-10-05 v1.19 Key value parser (HO)
)) (/home/surtich/.TinyTeX/texmf-dist/tex/latex/l3packages/xparse/xparse.sty (/home/surtich/.TinyTeX/texmf-dist/tex/latex/l3kernel/expl3.sty
Package: expl3 2023-05-11 L3 programming layer (loader) 
 (/home/surtich/.TinyTeX/texmf-dist/tex/latex/l3backend/l3backend-pdftex.def
File: l3backend-pdftex.def 2023-04-19 L3 backend support: PDF output (pdfTeX)
\l__color_backend_stack_int=\count358
\l__pdf_internal_box=\box77
))
Package: xparse 2023-02-02 L3 Experimental document command parser
) (/home/surtich/.TinyTeX/texmf-dist/tex/latex/zref/zref-abspage.sty
Package: zref-abspage 2022-04-07 v2.34 Module abspage for zref (HO)
 (/home/surtich/.TinyTeX/texmf-dist/tex/latex/zref/zref-base.sty
Package: zref-base 2022-04-07 v2.34 Module base for zref (HO)
 (/home/surtich/.TinyTeX/texmf-dist/tex/generic/infwarerr/infwarerr.sty
Package: infwarerr 2019/12/03 v1.5 Providing info/warning/error messages (HO)
) (/home/surtich/.TinyTeX/texmf-dist/tex/generic/kvdefinekeys/kvdefinekeys.sty
Package: kvdefinekeys 2019-12-19 v1.6 Define keys (HO)
) (/home/surtich/.TinyTeX/texmf-dist/tex/generic/pdftexcmds/pdftexcmds.sty
Package: pdftexcmds 2020-06-27 v0.33 Utility functions of pdfTeX for LuaTeX (HO)
Package pdftexcmds Info: \pdf@primitive is available.
Package pdftexcmds Info: \pdf@ifprimitive is available.
Package pdftexcmds Info: \pdfdraftmode found.
) (/home/surtich/.TinyTeX/texmf-dist/tex/generic/etexcmds/etexcmds.sty
Package: etexcmds 2019/12/15 v1.7 Avoid name clashes with e-TeX commands (HO)
) (/home/surtich/.TinyTeX/texmf-dist/tex/latex/auxhook/auxhook.sty
Package: auxhook 2019-12-17 v1.6 Hooks for auxiliary files (HO)
)
Package zref Info: New property list: main on input line 767.
Package zref Info: New property: default on input line 768.
Package zref Info: New property: page on input line 769.
) (/home/surtich/.TinyTeX/texmf-dist/tex/latex/base/atbegshi-ltx.sty
Package: atbegshi-ltx 2021/01/10 v1.0c Emulation of the original atbegshi
package with kernel methods
)
\c@abspage=\count359
Package zref Info: New property: abspage on input line 65.
)
\mdf@templength=\skip263
\c@mdf@globalstyle@cnt=\count360
\mdf@skipabove@length=\skip264
\mdf@skipbelow@length=\skip265
\mdf@leftmargin@length=\skip266
\mdf@rightmargin@length=\skip267
\mdf@innerleftmargin@length=\skip268
\mdf@innerrightmargin@length=\skip269
\mdf@innertopmargin@length=\skip270
\mdf@innerbottommargin@length=\skip271
\mdf@splittopskip@length=\skip272
\mdf@splitbottomskip@length=\skip273
\mdf@outermargin@length=\skip274
\mdf@innermargin@length=\skip275
\mdf@linewidth@length=\skip276
\mdf@innerlinewidth@length=\skip277
\mdf@middlelinewidth@length=\skip278
\mdf@outerlinewidth@length=\skip279
\mdf@roundcorner@length=\skip280
\mdf@footenotedistance@length=\skip281
\mdf@userdefinedwidth@length=\skip282
\mdf@needspace@length=\skip283
\mdf@frametitleaboveskip@length=\skip284
\mdf@frametitlebelowskip@length=\skip285
\mdf@frametitlerulewidth@length=\skip286
\mdf@frametitleleftmargin@length=\skip287
\mdf@frametitlerightmargin@length=\skip288
\mdf@shadowsize@length=\skip289
\mdf@extratopheight@length=\skip290
\mdf@subtitleabovelinewidth@length=\skip291
\mdf@subtitlebelowlinewidth@length=\skip292
\mdf@subtitleaboveskip@length=\skip293
\mdf@subtitlebelowskip@length=\skip294
\mdf@subtitleinneraboveskip@length=\skip295
\mdf@subtitleinnerbelowskip@length=\skip296
\mdf@subsubtitleabovelinewidth@length=\skip297
\mdf@subsubtitlebelowlinewidth@length=\skip298
\mdf@subsubtitleaboveskip@length=\skip299
\mdf@subsubtitlebelowskip@length=\skip300
\mdf@subsubtitleinneraboveskip@length=\skip301
\mdf@subsubtitleinnerbelowskip@length=\skip302
 (/home/surtich/.TinyTeX/texmf-dist/tex/latex/mdframed/md-frame-1.mdf
File: md-frame-1.mdf 2013/07/01\ 1.9b: md-frame-1
)
\mdf@frametitlebox=\box78
\mdf@footnotebox=\box79
\mdf@splitbox@one=\box80
\mdf@splitbox@two=\box81
\mdf@splitbox@save=\box82
\mdfsplitboxwidth=\skip303
\mdfsplitboxtotalwidth=\skip304
\mdfsplitboxheight=\skip305
\mdfsplitboxdepth=\skip306
\mdfsplitboxtotalheight=\skip307
\mdfframetitleboxwidth=\skip308
\mdfframetitleboxtotalwidth=\skip309
\mdfframetitleboxheight=\skip310
\mdfframetitleboxdepth=\skip311
\mdfframetitleboxtotalheight=\skip312
\mdffootnoteboxwidth=\skip313
\mdffootnoteboxtotalwidth=\skip314
\mdffootnoteboxheight=\skip315
\mdffootnoteboxdepth=\skip316
\mdffootnoteboxtotalheight=\skip317
\mdftotallinewidth=\skip318
\mdfboundingboxwidth=\skip319
\mdfboundingboxtotalwidth=\skip320
\mdfboundingboxheight=\skip321
\mdfboundingboxdepth=\skip322
\mdfboundingboxtotalheight=\skip323
\mdf@freevspace@length=\skip324
\mdf@horizontalwidthofbox@length=\skip325
\mdf@verticalmarginwhole@length=\skip326
\mdf@horizontalspaceofbox=\skip327
\mdfsubtitleheight=\skip328
\mdfsubsubtitleheight=\skip329
\c@mdfcountframes=\count361

****** mdframed patching \endmdf@trivlist

****** -- success******

\mdf@envdepth=\count362
\c@mdf@env@i=\count363
\c@mdf@env@ii=\count364
\c@mdf@zref@counter=\count365
Package zref Info: New property: mdf@pagevalue on input line 895.
) (/home/surtich/.TinyTeX/texmf-dist/tex/generic/pgf/frontendlayer/tikz/libraries/tikzlibraryshadows.code.tex
File: tikzlibraryshadows.code.tex 2023-01-15 v3.1.10 (3.1.10)
 (/home/surtich/.TinyTeX/texmf-dist/tex/generic/pgf/frontendlayer/tikz/libraries/tikzlibraryfadings.code.tex
File: tikzlibraryfadings.code.tex 2023-01-15 v3.1.10 (3.1.10)
 (/home/surtich/.TinyTeX/texmf-dist/tex/generic/pgf/libraries/pgflibraryfadings.code.tex
File: pgflibraryfadings.code.tex 2023-01-15 v3.1.10 (3.1.10)
))) (/home/surtich/.TinyTeX/texmf-dist/tex/generic/pgf/frontendlayer/tikz/libraries/tikzlibrarydecorations.pathmorphing.code.tex (/home/surtich/.TinyTeX/texmf-dist/tex/generic/pgf/frontendlayer/tikz/libraries/tikzlibrarydecorations.code.tex (/home/surtich/.TinyTeX/texmf-dist/tex/generic/pgf/modules/pgfmoduledecorations.code.tex
\pgfdecoratedcompleteddistance=\dimen311
\pgfdecoratedremainingdistance=\dimen312
\pgfdecoratedinputsegmentcompleteddistance=\dimen313
\pgfdecoratedinputsegmentremainingdistance=\dimen314
\pgf@decorate@distancetomove=\dimen315
\pgf@decorate@repeatstate=\count366
\pgfdecorationsegmentamplitude=\dimen316
\pgfdecorationsegmentlength=\dimen317
)
\tikz@lib@dec@box=\box83
) (/home/surtich/.TinyTeX/texmf-dist/tex/generic/pgf/libraries/decorations/pgflibrarydecorations.pathmorphing.code.tex)) (/home/surtich/.TinyTeX/texmf-dist/tex/generic/iftex/ifpdf.sty
Package: ifpdf 2019/10/25 v3.4 ifpdf legacy package. Use iftex instead.
)
\c@bclogocompteur=\count367
\bcval@epBarre=\skip330
\bcval@framesep=\skip331
\bcval@tailleOndu=\skip332
\bcval@borderWidth=\skip333
\bcval@margeG=\skip334
\bcval@margeD=\skip335
\bc@envbox=\box84
) (/home/surtich/.TinyTeX/texmf-dist/tex/latex/glossaries-extra/glossaries-extra.sty
Package: glossaries-extra 2022/11/08 v1.50 (NLCT)
 (/home/surtich/.TinyTeX/texmf-dist/tex/latex/glossaries/base/glossaries.sty
Package: glossaries 2022/11/03 v4.52 (NLCT)
 (/home/surtich/.TinyTeX/texmf-dist/tex/latex/mfirstuc/mfirstuc.sty
Package: mfirstuc 2022/10/14 v2.08 (NLCT)
\@glsmfirst=\toks50
\@glsmrest=\toks51
) (/home/surtich/.TinyTeX/texmf-dist/tex/latex/xfor/xfor.sty
Package: xfor 2009/02/05 v1.05 (NLCT)
)
(/home/surtich/.TinyTeX/texmf-dist/tex/latex/datatool/datatool-base.sty
Package: datatool-base 2019/09/27 v2.32 (NLCT)
 (/home/surtich/.TinyTeX/texmf-dist/tex/latex/substr/substr.sty
Package: substr 2009/10/20 v1.2 Handle substrings
\c@su@anzahl=\count368
) (/home/surtich/.TinyTeX/texmf-dist/tex/latex/datatool/datatool-fp.sty
Package: datatool-fp 2019/09/27 v2.32 (NLCT)
 (/home/surtich/.TinyTeX/texmf-dist/tex/latex/fp/fp.sty
Package: fp 1995/04/02
 `Fixed Point Package', Version 0.8, April 2, 1995 (C) Michael Mehlich (/home/surtich/.TinyTeX/texmf-dist/tex/latex/fp/defpattern.sty
Package: defpattern 1994/10/12
\actioncount=\count369
) (/home/surtich/.TinyTeX/texmf-dist/tex/latex/fp/fp-basic.sty
Package: fp-basic 1996/05/13
\FP@xs=\count370
\FP@xia=\count371
\FP@xib=\count372
\FP@xfa=\count373
\FP@xfb=\count374
\FP@rega=\count375
\FP@regb=\count376
\FP@regs=\count377
\FP@times=\count378
) (/home/surtich/.TinyTeX/texmf-dist/tex/latex/fp/fp-addons.sty
Package: fp-addons 1995/03/15
) (/home/surtich/.TinyTeX/texmf-dist/tex/latex/fp/fp-snap.sty
Package: fp-snap 1995/04/05
) (/home/surtich/.TinyTeX/texmf-dist/tex/latex/fp/fp-exp.sty
Package: fp-exp 1995/04/03
) (/home/surtich/.TinyTeX/texmf-dist/tex/latex/fp/fp-trigo.sty
Package: fp-trigo 1995/04/14
) (/home/surtich/.TinyTeX/texmf-dist/tex/latex/fp/fp-pas.sty
Package: fp-pas 1994/08/29
) (/home/surtich/.TinyTeX/texmf-dist/tex/latex/fp/fp-random.sty
Package: fp-random 1995/02/23
\FPseed=\count379
) (/home/surtich/.TinyTeX/texmf-dist/tex/latex/fp/fp-eqn.sty
Package: fp-eqn 1995/04/03
) (/home/surtich/.TinyTeX/texmf-dist/tex/latex/fp/fp-upn.sty
Package: fp-upn 1996/10/21
) (/home/surtich/.TinyTeX/texmf-dist/tex/latex/fp/fp-eval.sty
Package: fp-eval 1995/04/03
)))
\@dtl@toks=\toks52
\@dtl@tmpcount=\count380
\dtl@tmplength=\skip336
\dtl@sortresult=\count381
\@dtl@numgrpsepcount=\count382
\@dtl@datatype=\count383
\dtl@codeA=\count384
\dtl@codeB=\count385
\@dtl@foreach@level=\count386
)
\gls@level=\count387
\@gls@tmpb=\toks53
\gls@tmplen=\skip337
\glskeylisttok=\toks54
\glslabeltok=\toks55
\glsshorttok=\toks56
\glslongtok=\toks57
 (/home/surtich/.TinyTeX/texmf-dist/tex/latex/glossaries/styles/glossary-hypernav.sty
Package: glossary-hypernav 2022/11/03 v4.52 (NLCT)
) (/home/surtich/.TinyTeX/texmf-dist/tex/latex/glossaries/styles/glossary-list.sty
Package: glossary-list 2022/11/03 v4.52 (NLCT)
\glslistdottedwidth=\skip338
) (/home/surtich/.TinyTeX/texmf-dist/tex/latex/glossaries/styles/glossary-long.sty
Package: glossary-long 2022/11/03 v4.52 (NLCT)
\glsdescwidth=\skip339
\glspagelistwidth=\skip340
) (/home/surtich/.TinyTeX/texmf-dist/tex/latex/glossaries/styles/glossary-tree.sty
Package: glossary-tree 2022/11/03 v4.52 (NLCT)
\glstreeindent=\skip341
))
\@glsxtr@leveloffset=\count388
\glsxtrresourcecount=\count389
\@glsxtrnewgls@inner=\count390
\glsshortpltok=\toks58
\glslongpltok=\toks59
 (/home/surtich/.TinyTeX/texmf-dist/tex/latex/glossaries-extra/glossaries-extra-abbrstyles.def
File: glossaries-extra-abbrstyles.def 2022/06/16 v1.48b (NLCT)
)
\mglselementindex=\count391
)
runsystem(makeindex -s tmf.ist -t tmf.glg -o tmf.gls tmf.glo)...executed safely (allowed).

\glswrite=\write6
\glo@main@file=\write7
\openout7 = `tmf.glo'.

Package glossaries Info: Writing glossary file tmf.glo on input line 145.
 (/home/surtich/.TinyTeX/texmf-dist/tex/latex/caption/caption.sty
Package: caption 2022/03/01 v3.6b Customizing captions (AR)
 (/home/surtich/.TinyTeX/texmf-dist/tex/latex/caption/caption3.sty
Package: caption3 2022/03/17 v2.3b caption3 kernel (AR)
\caption@tempdima=\dimen318
\captionmargin=\dimen319
\caption@leftmargin=\dimen320
\caption@rightmargin=\dimen321
\caption@width=\dimen322
\caption@indent=\dimen323
\caption@parindent=\dimen324
\caption@hangindent=\dimen325
Package caption Info: memoir document class detected.
 (/home/surtich/.TinyTeX/texmf-dist/tex/latex/caption/caption-memoir.sto
File: caption-memoir.sto 2022/03/02 v2.2b Adaption of the caption package to the memoir document class (AR)
))
\c@caption@flags=\count392
\c@continuedfloat=\count393
Package caption Info: changepage package is loaded.
\caption@adjustwidth@hsize=\dimen326
\caption@adjustwidth@linewidth=\dimen327
Package caption Info: longtable package is loaded.
 (/home/surtich/.TinyTeX/texmf-dist/tex/latex/caption/ltcaption.sty
Package: ltcaption 2021/01/08 v1.4c longtable captions (AR)
)) (/home/surtich/.TinyTeX/texmf-dist/tex/latex/tcolorbox/tcolorbox.sty
Package: tcolorbox 2023/02/12 version 6.0.1 text color boxes
 (/home/surtich/.TinyTeX/texmf-dist/tex/latex/environ/environ.sty
Package: environ 2014/05/04 v0.3 A new way to define environments
 (/home/surtich/.TinyTeX/texmf-dist/tex/latex/trimspaces/trimspaces.sty
Package: trimspaces 2009/09/17 v1.1 Trim spaces around a token list
))
\tcb@titlebox=\box85
\tcb@upperbox=\box86
\tcb@lowerbox=\box87
\tcb@phantombox=\box88
\c@tcbbreakpart=\count394
\c@tcblayer=\count395
\c@tcolorbox@number=\count396
\tcb@temp=\box89
\tcb@temp=\box90
\tcb@temp=\box91
\tcb@temp=\box92
 (/home/surtich/.TinyTeX/texmf-dist/tex/latex/tcolorbox/tcbskins.code.tex
Library (tcolorbox): 'tcbskins.code.tex' version '6.0.1'
(/home/surtich/.TinyTeX/texmf-dist/tex/latex/tikzfill/tikzfill.image.sty
Package: tikzfill.image 2022/07/20 v1.0.0 Image filling library for TikZ
 (/home/surtich/.TinyTeX/texmf-dist/tex/latex/tikzfill/tikzfill-common.sty
Package: tikzfill-common 2022/07/20 v1.0.0 Auxiliary code for tikzfill
) (/home/surtich/.TinyTeX/texmf-dist/tex/latex/tikzfill/tikzlibraryfill.image.code.tex
File: tikzlibraryfill.image.code.tex 2022/07/20 v1.0.0 Image filling library
\l__tikzfill_img_box=\box93
)) (/home/surtich/.TinyTeX/texmf-dist/tex/latex/tcolorbox/tcbskinsjigsaw.code.tex
Library (tcolorbox): 'tcbskinsjigsaw.code.tex' version '6.0.1'
)) (/home/surtich/.TinyTeX/texmf-dist/tex/latex/tcolorbox/tcbbreakable.code.tex
Library (tcolorbox): 'tcbbreakable.code.tex' version '6.0.1'
(/home/surtich/.TinyTeX/texmf-dist/tex/latex/pdfcol/pdfcol.sty
Package: pdfcol 2022-09-21 v1.7 Handle new color stacks for pdfTeX (HO)
)
Package pdfcol Info: New color stack `tcb@breakable' = 1 on input line 23.
\tcb@testbox=\box94
\tcb@totalupperbox=\box95
\tcb@totallowerbox=\box96
)) (/home/surtich/.TinyTeX/texmf-dist/tex/latex/fontawesome5/fontawesome5.sty
Package: fontawesome5 2022/05/02 v5.15.4 Font Awesome 5
 (/home/surtich/.TinyTeX/texmf-dist/tex/latex/l3packages/l3keys2e/l3keys2e.sty
Package: l3keys2e 2023-02-02 LaTeX2e option processing using LaTeX3 keys
) (/home/surtich/.TinyTeX/texmf-dist/tex/latex/fontawesome5/fontawesome5-generic-helper.sty
Package: fontawesome5-generic-helper 2022/05/02 v5.15.4 non-uTeX helper for fontawesome5
 (/home/surtich/.TinyTeX/texmf-dist/tex/latex/fontawesome5/fontawesome5-mapping.def))) (/home/surtich/.TinyTeX/texmf-dist/tex/latex/bookmark/bookmark.sty
Package: bookmark 2020-11-06 v1.29 PDF bookmarks (HO)
 (/home/surtich/.TinyTeX/texmf-dist/tex/latex/hyperref/hyperref.sty
Package: hyperref 2023-04-22 v7.00x Hypertext links for LaTeX
 (/home/surtich/.TinyTeX/texmf-dist/tex/generic/pdfescape/pdfescape.sty
Package: pdfescape 2019/12/09 v1.15 Implements pdfTeX's escape features (HO)
) (/home/surtich/.TinyTeX/texmf-dist/tex/latex/hycolor/hycolor.sty
Package: hycolor 2020-01-27 v1.10 Color options for hyperref/bookmark (HO)
) (/home/surtich/.TinyTeX/texmf-dist/tex/latex/letltxmacro/letltxmacro.sty
Package: letltxmacro 2019/12/03 v1.6 Let assignment for LaTeX macros (HO)
) (/home/surtich/.TinyTeX/texmf-dist/tex/latex/hyperref/nameref.sty
Package: nameref 2022-05-17 v2.50 Cross-referencing by name of section
 (/home/surtich/.TinyTeX/texmf-dist/tex/latex/refcount/refcount.sty
Package: refcount 2019/12/15 v3.6 Data extraction from label references (HO)
) (/home/surtich/.TinyTeX/texmf-dist/tex/generic/gettitlestring/gettitlestring.sty
Package: gettitlestring 2019/12/15 v1.6 Cleanup title references (HO)
)
\c@section@level=\count397
)
\@linkdim=\dimen328
\Hy@linkcounter=\count398
\Hy@pagecounter=\count399
 (/home/surtich/.TinyTeX/texmf-dist/tex/latex/hyperref/pd1enc.def
File: pd1enc.def 2023-04-22 v7.00x Hyperref: PDFDocEncoding definition (HO)
Now handling font encoding PD1 ...
... no UTF-8 mapping file for font encoding PD1
) (/home/surtich/.TinyTeX/texmf-dist/tex/generic/intcalc/intcalc.sty
Package: intcalc 2019/12/15 v1.3 Expandable calculations with integers (HO)
)
\Hy@SavedSpaceFactor=\count400
 (/home/surtich/.TinyTeX/texmf-dist/tex/latex/hyperref/puenc.def
File: puenc.def 2023-04-22 v7.00x Hyperref: PDF Unicode definition (HO)
Now handling font encoding PU ...
... no UTF-8 mapping file for font encoding PU
)
Package hyperref Info: Option `unicode' set `true' on input line 4065.
Package hyperref Info: Hyper figures OFF on input line 4182.
Package hyperref Info: Link nesting OFF on input line 4187.
Package hyperref Info: Hyper index ON on input line 4190.
Package hyperref Info: Plain pages OFF on input line 4197.
Package hyperref Info: Backreferencing OFF on input line 4202.
Package hyperref Info: Implicit mode ON; LaTeX internals redefined.
Package hyperref Info: Bookmarks ON on input line 4449.
\c@Hy@tempcnt=\count401
 (/home/surtich/.TinyTeX/texmf-dist/tex/latex/url/url.sty
\Urlmuskip=\muskip17
Package: url 2013/09/16  ver 3.4  Verb mode for urls, etc.
)
LaTeX Info: Redefining \url on input line 4787.
\XeTeXLinkMargin=\dimen329
 (/home/surtich/.TinyTeX/texmf-dist/tex/generic/bitset/bitset.sty
Package: bitset 2019/12/09 v1.3 Handle bit-vector datatype (HO)
 (/home/surtich/.TinyTeX/texmf-dist/tex/generic/bigintcalc/bigintcalc.sty
Package: bigintcalc 2019/12/15 v1.5 Expandable calculations on big integers (HO)
))
\Fld@menulength=\count402
\Field@Width=\dimen330
\Fld@charsize=\dimen331
Package hyperref Info: Hyper figures OFF on input line 6066.
Package hyperref Info: Link nesting OFF on input line 6071.
Package hyperref Info: Hyper index ON on input line 6074.
Package hyperref Info: backreferencing OFF on input line 6081.
Package hyperref Info: Link coloring OFF on input line 6086.
Package hyperref Info: Link coloring with OCG OFF on input line 6091.
Package hyperref Info: PDF/A mode OFF on input line 6096.
\Hy@abspage=\count403
\c@Item=\count404
\c@Hfootnote=\count405
)
Package hyperref Info: Driver (autodetected): hpdftex.
 (/home/surtich/.TinyTeX/texmf-dist/tex/latex/hyperref/hpdftex.def
File: hpdftex.def 2023-04-22 v7.00x Hyperref driver for pdfTeX
 (/home/surtich/.TinyTeX/texmf-dist/tex/latex/base/atveryend-ltx.sty
Package: atveryend-ltx 2020/08/19 v1.0a Emulation of the original atveryend package
with kernel methods
)
\HyAnn@Count=\count406
\Fld@listcount=\count407
\c@bookmark@seq@number=\count408
 (/home/surtich/.TinyTeX/texmf-dist/tex/latex/rerunfilecheck/rerunfilecheck.sty
Package: rerunfilecheck 2022-07-10 v1.10 Rerun checks for auxiliary files (HO)
 (/home/surtich/.TinyTeX/texmf-dist/tex/generic/uniquecounter/uniquecounter.sty
Package: uniquecounter 2019/12/15 v1.4 Provide unlimited unique counter (HO)
)
Package uniquecounter Info: New unique counter `rerunfilecheck' on input line 285.
)
\Hy@SectionHShift=\skip342
) (/home/surtich/.TinyTeX/texmf-dist/tex/latex/memoir/memhfixc.sty
Package: memhfixc 2022/11/17 v1.20 nameref/hyperref package fixes for memoir class

Redoing nameref's sectioning
Redoing nameref's label
LaTeX Info: Redefining \nameref on input line 106.
\c@memhycontfloat=\count409
\c@Hpagenote=\count410
) (/home/surtich/.TinyTeX/texmf-dist/tex/latex/bookmark/bkm-pdftex.def
File: bkm-pdftex.def 2020-11-06 v1.29 bookmark driver for pdfTeX (HO)
\BKM@id=\count411
)) (/home/surtich/.TinyTeX/texmf-dist/tex/latex/float/float.sty
Package: float 2001/11/08 v1.3d Float enhancements (AL)
\c@float@type=\count412
\float@exts=\toks60
\float@box=\box97
\@float@everytoks=\toks61
\@floatcapt=\box98
)
\@float@every@codelisting=\toks62
\c@codelisting=\count413
 (/home/surtich/.TinyTeX/texmf-dist/tex/latex/caption/subcaption.sty
Package: subcaption 2022/01/07 v1.5 Sub-captions (AR)
\c@subfigure=\count414
\c@subtable=\count415
) (/home/surtich/.TinyTeX/texmf-dist/tex/latex/titlesec/titletoc.sty
Package: titletoc 2021/07/05 v2.14 TOC entries
\ttl@leftsep=\dimen332
) (/home/surtich/.TinyTeX/texmf-dist/tex/latex/marginfix/marginfix.sty
Package: marginfix 2020/05/06 v1.2 Fix Margin Paragraphs
\Mfx@inject@insert=\insert247
\Mfx@marginbox=\box99
\Mfx@marginpos@min=\dimen333
\Mfx@marginpos@max=\dimen334
\Mfx@marginspace=\dimen335
\Mfx@marginheight=\dimen336
\Mfx@piece@content=\box100
\Mfx@piece@count=\count416
\Mfx@mparshift=\dimen337
\marginheightadjustment=\dimen338
\marginposadjustment=\dimen339
\Mfx@strutheight=\dimen340
)
\widthw=\skip343
\rf=\skip344
 (/home/surtich/.TinyTeX/texmf-dist/tex/generic/soul/soul.sty
Package: soul 2023-02-18 v3.0 Permit use of UTF-8 characters in soul (HO)
 (/home/surtich/.TinyTeX/texmf-dist/tex/generic/soul/soul-ori.sty
Package: soul-ori 2023-02-18 v3.0 letterspacing/underlining (mf)
\SOUL@word=\toks63
\SOUL@lasttoken=\toks64
\SOUL@syllable=\toks65
\SOUL@cmds=\toks66
\SOUL@buffer=\toks67
\SOUL@token=\toks68
\SOUL@syllgoal=\dimen341
\SOUL@syllwidth=\dimen342
\SOUL@charkern=\dimen343
\SOUL@hyphkern=\dimen344
\SOUL@dimen=\dimen345
\SOUL@dimeni=\dimen346
\SOUL@minus=\count417
\SOUL@comma=\count418
\SOUL@apo=\count419
\SOUL@grave=\count420
\SOUL@spaceskip=\skip345
\SOUL@ttwidth=\dimen347
\SOUL@uldp=\dimen348
\SOUL@ulht=\dimen349
))
\dlf@normtxtw=\skip346
\feline@chapter=\box101
 (/home/surtich/.TinyTeX/texmf-dist/tex/latex/csquotes/csquotes.sty
Package: csquotes 2022-09-14 v5.2n context-sensitive quotations (JAW)
\csq@reset=\count421
\csq@gtype=\count422
\csq@glevel=\count423
\csq@qlevel=\count424
\csq@maxlvl=\count425
\csq@tshold=\count426
\csq@ltx@everypar=\toks69
 (/home/surtich/.TinyTeX/texmf-dist/tex/latex/csquotes/csquotes.def
File: csquotes.def 2022-09-14 v5.2n csquotes generic definitions (JAW)
)
Package csquotes Info: Trying to load configuration file 'csquotes.cfg'...
Package csquotes Info: ... configuration file loaded successfully.
 (/home/surtich/.TinyTeX/texmf-dist/tex/latex/csquotes/csquotes.cfg
File: csquotes.cfg 
)
Package csquotes Info: Enabling strict warnings.
Package csquotes Info: Enabling multilingual quotes.
) (/home/surtich/.TinyTeX/texmf-dist/tex/generic/babel/babel.sty
Package: babel 2023/05/11 v3.89 The Babel package
\babel@savecnt=\count427
\U@D=\dimen350
\l@unhyphenated=\language4
 (/home/surtich/.TinyTeX/texmf-dist/tex/generic/babel/txtbabel.def)
\bbl@readstream=\read5
\bbl@dirlevel=\count428
Package babel Info: You haven't specified a language as a class or package
(babel)             option. I'll load 'nil'. Reported on input line 4262.
 (/home/surtich/.TinyTeX/texmf-dist/tex/generic/babel/nil.ldf
Language: nil 2023/05/11 v3.89 Nil language
\l@nil=\language5
))
\everypar=\toks70
 (/home/surtich/.TinyTeX/texmf-dist/tex/generic/babel/locale/es/babel-spanish.tex)
Package babel Info: Importing data for spanish
(babel)             from babel-es.ini. Reported on input line 403.
 (/home/surtich/.TinyTeX/texmf-dist/tex/latex/biblatex/biblatex.sty
Package: biblatex 2023/03/05 v3.19 programmable bibliographies (PK/MW)
 (/home/surtich/.TinyTeX/texmf-dist/tex/latex/logreq/logreq.sty
Package: logreq 2010/08/04 v1.0 xml request logger
\lrq@indent=\count429
 (/home/surtich/.TinyTeX/texmf-dist/tex/latex/logreq/logreq.def
File: logreq.def 2010/08/04 v1.0 logreq spec v1.0
))
\c@tabx@nest=\count430
\c@listtotal=\count431
\c@listcount=\count432
\c@liststart=\count433
\c@liststop=\count434
\c@citecount=\count435
\c@citetotal=\count436
\c@multicitecount=\count437
\c@multicitetotal=\count438
\c@instcount=\count439
\c@maxnames=\count440
\c@minnames=\count441
\c@maxitems=\count442
\c@minitems=\count443
\c@citecounter=\count444
\c@maxcitecounter=\count445
\c@savedcitecounter=\count446
\c@uniquelist=\count447
\c@uniquename=\count448
\c@refsection=\count449
\c@refsegment=\count450
\c@maxextratitle=\count451
\c@maxextratitleyear=\count452
\c@maxextraname=\count453
\c@maxextradate=\count454
\c@maxextraalpha=\count455
\c@abbrvpenalty=\count456
\c@highnamepenalty=\count457
\c@lownamepenalty=\count458
\c@maxparens=\count459
\c@parenlevel=\count460
\blx@tempcnta=\count461
\blx@tempcntb=\count462
\blx@tempcntc=\count463
\c@blx@maxsection=\count464
\blx@maxsegment@0=\count465
\blx@notetype=\count466
\blx@parenlevel@text=\count467
\blx@parenlevel@foot=\count468
\blx@sectionciteorder@0=\count469
\blx@sectionciteorderinternal@0=\count470
\blx@entrysetcounter=\count471
\blx@biblioinstance=\count472
\labelnumberwidth=\skip347
\labelalphawidth=\skip348
\biblabelsep=\skip349
\bibnamesep=\skip350
\bibinitsep=\skip351
\bibparsep=\skip352
\bibhang=\skip353
\blx@bcfin=\read6
\blx@bcfout=\write8
\blx@langwohyphens=\language6
\c@mincomprange=\count473
\c@maxcomprange=\count474
\c@mincompwidth=\count475
Package biblatex Info: Trying to load biblatex default data model...
Package biblatex Info: ... file 'blx-dm.def' found.
 (/home/surtich/.TinyTeX/texmf-dist/tex/latex/biblatex/blx-dm.def
File: blx-dm.def 2023/03/05 v3.19 biblatex localization (PK/MW)
)
Package biblatex Info: Trying to load biblatex style data model...
Package biblatex Info: ... file 'authoryear-ibid.dbx' not found.
Package biblatex Info: Trying to load biblatex custom data model...
Package biblatex Info: ... file 'biblatex-dm.cfg' not found.
\c@afterword=\count476
\c@savedafterword=\count477
\c@annotator=\count478
\c@savedannotator=\count479
\c@author=\count480
\c@savedauthor=\count481
\c@bookauthor=\count482
\c@savedbookauthor=\count483
\c@commentator=\count484
\c@savedcommentator=\count485
\c@editor=\count486
\c@savededitor=\count487
\c@editora=\count488
\c@savededitora=\count489
\c@editorb=\count490
\c@savededitorb=\count491
\c@editorc=\count492
\c@savededitorc=\count493
\c@foreword=\count494
\c@savedforeword=\count495
\c@holder=\count496
\c@savedholder=\count497
\c@introduction=\count498
\c@savedintroduction=\count499
\c@namea=\count500
\c@savednamea=\count501
\c@nameb=\count502
\c@savednameb=\count503
\c@namec=\count504
\c@savednamec=\count505
\c@translator=\count506
\c@savedtranslator=\count507
\c@shortauthor=\count508
\c@savedshortauthor=\count509
\c@shorteditor=\count510
\c@savedshorteditor=\count511
\c@labelname=\count512
\c@savedlabelname=\count513
\c@institution=\count514
\c@savedinstitution=\count515
\c@lista=\count516
\c@savedlista=\count517
\c@listb=\count518
\c@savedlistb=\count519
\c@listc=\count520
\c@savedlistc=\count521
\c@listd=\count522
\c@savedlistd=\count523
\c@liste=\count524
\c@savedliste=\count525
\c@listf=\count526
\c@savedlistf=\count527
\c@location=\count528
\c@savedlocation=\count529
\c@organization=\count530
\c@savedorganization=\count531
\c@origlocation=\count532
\c@savedoriglocation=\count533
\c@origpublisher=\count534
\c@savedorigpublisher=\count535
\c@publisher=\count536
\c@savedpublisher=\count537
\c@language=\count538
\c@savedlanguage=\count539
\c@origlanguage=\count540
\c@savedoriglanguage=\count541
\c@pageref=\count542
\c@savedpageref=\count543
\shorthandwidth=\skip354
\shortjournalwidth=\skip355
\shortserieswidth=\skip356
\shorttitlewidth=\skip357
\shortauthorwidth=\skip358
\shorteditorwidth=\skip359
\locallabelnumberwidth=\skip360
\locallabelalphawidth=\skip361
\localshorthandwidth=\skip362
\localshortjournalwidth=\skip363
\localshortserieswidth=\skip364
\localshorttitlewidth=\skip365
\localshortauthorwidth=\skip366
\localshorteditorwidth=\skip367
Package biblatex Info: Trying to load compatibility code...
Package biblatex Info: ... file 'blx-compat.def' found.
 (/home/surtich/.TinyTeX/texmf-dist/tex/latex/biblatex/blx-compat.def
File: blx-compat.def 2023/03/05 v3.19 biblatex compatibility (PK/MW)
)
Package biblatex Info: Trying to load generic definitions...
Package biblatex Info: ... file 'biblatex.def' found.
 (/home/surtich/.TinyTeX/texmf-dist/tex/latex/biblatex/biblatex.def
File: biblatex.def 2023/03/05 v3.19 biblatex compatibility (PK/MW)
\c@textcitecount=\count544
\c@textcitetotal=\count545
\c@textcitemaxnames=\count546
\c@biburlbigbreakpenalty=\count547
\c@biburlbreakpenalty=\count548
\c@biburlnumpenalty=\count549
\c@biburlucpenalty=\count550
\c@biburllcpenalty=\count551
\biburlbigskip=\muskip18
\biburlnumskip=\muskip19
\biburlucskip=\muskip20
\biburllcskip=\muskip21
\c@smartand=\count552
)
Package biblatex Info: Trying to load bibliography style 'authoryear-ibid'...
Package biblatex Info: ... file 'authoryear-ibid.bbx' found.
 (/home/surtich/.TinyTeX/texmf-dist/tex/latex/biblatex/bbx/authoryear-ibid.bbx
File: authoryear-ibid.bbx 2023/03/05 v3.19 biblatex bibliography style (PK/MW)
Package biblatex Info: Trying to load bibliography style 'authoryear'...
Package biblatex Info: ... file 'authoryear.bbx' found.
 (/home/surtich/.TinyTeX/texmf-dist/tex/latex/biblatex/bbx/authoryear.bbx
File: authoryear.bbx 2023/03/05 v3.19 biblatex bibliography style (PK/MW)
Package biblatex Info: Trying to load bibliography style 'standard'...
Package biblatex Info: ... file 'standard.bbx' found.
 (/home/surtich/.TinyTeX/texmf-dist/tex/latex/biblatex/bbx/standard.bbx
File: standard.bbx 2023/03/05 v3.19 biblatex bibliography style (PK/MW)
\c@bbx:relatedcount=\count553
\c@bbx:relatedtotal=\count554
)))
Package biblatex Info: Trying to load citation style 'authoryear-ibid'...
Package biblatex Info: ... file 'authoryear-ibid.cbx' found.
 (/home/surtich/.TinyTeX/texmf-dist/tex/latex/biblatex/cbx/authoryear-ibid.cbx
File: authoryear-ibid.cbx 2023/03/05 v3.19 biblatex citation style (PK/MW)
Package biblatex Info: Redefining '\cite'.
Package biblatex Info: Redefining '\parencite'.
Package biblatex Info: Redefining '\footcite'.
Package biblatex Info: Redefining '\footcitetext'.
Package biblatex Info: Redefining '\smartcite'.
Package biblatex Info: Redefining '\textcite'.
Package biblatex Info: Redefining '\textcites'.
)
Package biblatex Info: Trying to load configuration file...
Package biblatex Info: ... file 'biblatex.cfg' found.
 (/home/surtich/.TinyTeX/texmf-dist/tex/latex/biblatex/biblatex.cfg
File: biblatex.cfg 
)
Package biblatex Info: Input encoding 'utf8' detected.
Package biblatex Info: Document encoding is UTF8 ....
Package biblatex Info: ... and expl3
(biblatex)             2023-05-11 L3 programming layer (loader) 
(biblatex)             is new enough (at least 2020/04/06),
(biblatex)             setting 'casechanger=expl3'.
 (/home/surtich/.TinyTeX/texmf-dist/tex/latex/biblatex/blx-case-expl3.sty
Package: blx-case-expl3 2023/03/05 v3.19 expl3 case changing code for biblatex
))
Package hyperref Info: Option `colorlinks' set `true' on input line 425.
 (/home/surtich/.TinyTeX/texmf-dist/tex/latex/textpos/textpos.sty
Package: textpos 2022/07/23 v1.10.1
Package textpos Info: choosing support for LaTeX3 on input line 60.
\TP@textbox=\box102
\TP@holdbox=\box103
\TPHorizModule=\dimen351
\TPVertModule=\dimen352
\TP@margin=\dimen353
\TP@absmargin=\dimen354

Grid set 16 x 16 = 37.34424pt x 52.81541pt
\TPboxrulesize=\dimen355
\TP@ox=\dimen356
\TP@oy=\dimen357
\TP@tbargs=\toks71
TextBlockOrigin set to 0pt x 0pt
)
Package csquotes Info: Checking for multilingual support...
Package csquotes Info: ... found 'babel' package.
 (./tmf.aux)
\openout1 = `tmf.aux'.

LaTeX Font Info:    Checking defaults for OML/cmm/m/it on input line 512.
LaTeX Font Info:    ... okay on input line 512.
LaTeX Font Info:    Checking defaults for OMS/cmsy/m/n on input line 512.
LaTeX Font Info:    ... okay on input line 512.
LaTeX Font Info:    Checking defaults for OT1/cmr/m/n on input line 512.
LaTeX Font Info:    ... okay on input line 512.
LaTeX Font Info:    Checking defaults for T1/cmr/m/n on input line 512.
LaTeX Font Info:    ... okay on input line 512.
LaTeX Font Info:    Checking defaults for TS1/cmr/m/n on input line 512.
LaTeX Font Info:    ... okay on input line 512.
LaTeX Font Info:    Checking defaults for OMX/cmex/m/n on input line 512.
LaTeX Font Info:    ... okay on input line 512.
LaTeX Font Info:    Checking defaults for U/cmr/m/n on input line 512.
LaTeX Font Info:    ... okay on input line 512.
LaTeX Font Info:    Checking defaults for PD1/pdf/m/n on input line 512.
LaTeX Font Info:    ... okay on input line 512.
LaTeX Font Info:    Checking defaults for PU/pdf/m/n on input line 512.
LaTeX Font Info:    ... okay on input line 512.
LaTeX Info: Redefining \microtypecontext on input line 512.
Package microtype Info: Applying patch `item' on input line 512.
Package microtype Info: Applying patch `toc' on input line 512.
Package microtype Info: Applying patch `eqnum' on input line 512.
Package microtype Info: Applying patch `footnote' on input line 512.
Package microtype Info: Applying patch `verbatim' on input line 512.
Package microtype Info: Generating PDF output.
Package microtype Info: Character protrusion enabled (level 2).
Package microtype Info: Using protrusion set `basicmath'.
Package microtype Info: Automatic font expansion enabled (level 2),
(microtype)             stretch: 20, shrink: 20, step: 1, non-selected.
Package microtype Info: Using default expansion set `alltext-nott'.
LaTeX Info: Redefining \showhyphens on input line 512.
Package microtype Info: No adjustment of tracking.
Package microtype Info: No adjustment of interword spacing.
Package microtype Info: No adjustment of character kerning.
 (/home/surtich/.TinyTeX/texmf-dist/tex/latex/microtype/mt-cmr.cfg
File: mt-cmr.cfg 2013/05/19 v2.2 microtype config. file: Computer Modern Roman (RS)
) (/home/surtich/.TinyTeX/texmf-dist/tex/latex/epstopdf-pkg/epstopdf-base.sty
Package: epstopdf-base 2020-01-24 v2.11 Base part for package epstopdf
 (/home/surtich/.TinyTeX/texmf-dist/tex/latex/grfext/grfext.sty
Package: grfext 2019/12/03 v1.3 Manage graphics extensions (HO)
)
Package epstopdf-base Info: Redefining graphics rule for `.eps' on input line 485.
Package grfext Info: Graphics extension search list:
(grfext)             [.mps,.pdf,.png,.jpg,.mps,.jpeg,.jbig2,.jb2,.PDF,.PNG,.JPG,.JPEG,.JBIG2,.JB2,.eps]
(grfext)             \AppendGraphicsExtensions on input line 504.
 (/home/surtich/.TinyTeX/texmf-dist/tex/latex/latexconfig/epstopdf-sys.cfg
File: epstopdf-sys.cfg 2010/07/13 v1.3 Configuration of (r)epstopdf for TeX Live
))
Package caption Info: Begin \AtBeginDocument code.
Package caption Info: float package is loaded.
Package caption Info: hyperref package is loaded.
Package caption Info: End \AtBeginDocument code.
Package hyperref Info: Link coloring ON on input line 512.
Package biblatex Info: Trying to load language 'spanish'...
Package biblatex Info: ... file 'spanish.lbx' found.
 (/home/surtich/.TinyTeX/texmf-dist/tex/latex/biblatex/lbx/spanish.lbx
File: spanish.lbx 2023/03/05 v3.19 biblatex localization (PK/MW)
)
Package biblatex Info: Input encoding 'utf8' detected.
Package biblatex Info: Automatic encoding selection.
(biblatex)             Assuming data encoding 'utf8'.
\openout8 = `tmf.bcf'.

Package biblatex Info: Trying to load bibliographic data...
Package biblatex Info: ... file 'tmf.bbl' found.
 (./tmf.bbl

Package biblatex Warning: The following entry could not be found
(biblatex)                in the database:
(biblatex)                leton2021
(biblatex)                Please verify the spelling and rerun
(biblatex)                LaTeX afterwards.

)
Package biblatex Info: Reference section=0 on input line 512.
Package biblatex Info: Reference segment=0 on input line 512.
<images/logo.png, id=31, 371.3875pt x 177.66376pt>
File: images/logo.png Graphic file (type png)
<use images/logo.png>
Package pdftex.def Info: images/logo.png  used on input line 529.
(pdftex.def)             Requested size: 284.53552pt x 136.11565pt.

Overfull \hbox (11.63481pt too wide) in paragraph at lines 529--529
 [] 
 []

LaTeX Font Info:    Trying to load font information for OT1+lmr on input line 529.
(/home/surtich/.TinyTeX/texmf-dist/tex/latex/lm/ot1lmr.fd
File: ot1lmr.fd 2015/05/01 v1.6.1 Font defs for Latin Modern
)
LaTeX Font Info:    Trying to load font information for OML+lmm on input line 529.
 (/home/surtich/.TinyTeX/texmf-dist/tex/latex/lm/omllmm.fd
File: omllmm.fd 2015/05/01 v1.6.1 Font defs for Latin Modern
)
LaTeX Font Info:    Trying to load font information for OMS+lmsy on input line 529.
 (/home/surtich/.TinyTeX/texmf-dist/tex/latex/lm/omslmsy.fd
File: omslmsy.fd 2015/05/01 v1.6.1 Font defs for Latin Modern
)
LaTeX Font Info:    Trying to load font information for OMX+lmex on input line 529.
 (/home/surtich/.TinyTeX/texmf-dist/tex/latex/lm/omxlmex.fd
File: omxlmex.fd 2015/05/01 v1.6.1 Font defs for Latin Modern
)
LaTeX Font Info:    External font `lmex10' loaded for size
(Font)              <20.74> on input line 529.
LaTeX Font Info:    External font `lmex10' loaded for size
(Font)              <14.4> on input line 529.
LaTeX Font Info:    External font `lmex10' loaded for size
(Font)              <12> on input line 529.
LaTeX Font Info:    Trying to load font information for U+msa on input line 529.
 (/home/surtich/.TinyTeX/texmf-dist/tex/latex/amsfonts/umsa.fd
File: umsa.fd 2013/01/14 v3.01 AMS symbols A
) (/home/surtich/.TinyTeX/texmf-dist/tex/latex/microtype/mt-msa.cfg
File: mt-msa.cfg 2006/02/04 v1.1 microtype config. file: AMS symbols (a) (RS)
)
LaTeX Font Info:    Trying to load font information for U+msb on input line 529.
 (/home/surtich/.TinyTeX/texmf-dist/tex/latex/amsfonts/umsb.fd
File: umsb.fd 2013/01/14 v3.01 AMS symbols B
) (/home/surtich/.TinyTeX/texmf-dist/tex/latex/microtype/mt-msb.cfg
File: mt-msb.cfg 2005/06/01 v1.0 microtype config. file: AMS symbols (b) (RS)
)

******************************************************
Stock height and width: 845.04684pt by 597.50787pt
Top and edge trims: 0pt and 0pt
Page height and width: 845.04684pt by 597.50787pt
Text height and width: 664.5pt by 380pt
Spine and edge margins: 108.405pt and 108.405pt
Upper and lower margins: 108.405pt and 72.14185pt
Headheight and headsep: 14.5pt and 19.8738pt
Footskip: 30pt
Columnsep and columnseprule: 10pt and 0pt
Marginparsep and marginparwidth: 7.22743pt and 7.22743pt
Sidecapsep and sidecapwidth: 7pt and 92pt
Sidebarhsep and sidebarwidth: 7pt and 92pt
Sidebarvsep and sidebartopsep: 14.5pt and 0pt
Sidebarheight: 590.14995pt
Sidefoothsep and sidefootwidth: 7pt and 92pt
Sidefootvsep and sidefootheight: 14.5pt and 590.14995pt
******************************************************

[1

\openout6 = `tmf.ist'.


{/home/surtich/.TinyTeX/texmf-var/fonts/map/pdftex/updmap/pdftex.map}{/home/surtich/.TinyTeX/texmf-dist/fonts/enc/dvips/lm/lm-ec.enc} <./images/logo.png>]
TextBlockOrigin set to \trimedge  x \trimtop 
LaTeX Font Info:    Trying to load font information for TS1+lmr on input line 529.
(/home/surtich/.TinyTeX/texmf-dist/tex/latex/lm/ts1lmr.fd
File: ts1lmr.fd 2015/05/01 v1.6.1 Font defs for Latin Modern
)
LaTeX Font Info:    External font `lmex10' loaded for size
(Font)              <8> on input line 529.
LaTeX Font Info:    External font `lmex10' loaded for size
(Font)              <6> on input line 529.
<images//logo.png, id=45, 371.3875pt x 177.66376pt>
File: images//logo.png Graphic file (type png)
<use images//logo.png>
Package pdftex.def Info: images//logo.png  used on input line 529.
(pdftex.def)             Requested size: 149.37973pt x 71.46002pt.
Package microtype Info: Character `029' is missing
(microtype)             in font `T1/lmr/m/sc/12'.
(microtype)             Ignoring protrusion settings for this character.
 [2

{/home/surtich/.TinyTeX/texmf-dist/fonts/enc/dvips/lm/lm-ts1.enc} <./images//logo.png>]

LaTeX Font Warning: Font shape `T1/lmr/bx/sc' undefined
(Font)              using `T1/lmr/bx/n' instead on input line 536.

[3

] [4

]

******************************************************
Stock height and width: 845.04684pt by 597.50787pt
Top and edge trims: 0pt and 0pt
Page height and width: 845.04684pt by 597.50787pt
Text height and width: 664.5pt by 380pt
Spine and edge margins: 108.405pt and 108.405pt
Upper and lower margins: 108.405pt and 72.14185pt
Headheight and headsep: 14.5pt and 19.8738pt
Footskip: 30pt
Columnsep and columnseprule: 10pt and 0pt
Marginparsep and marginparwidth: 7.22743pt and 7.22743pt
Sidecapsep and sidecapwidth: 7pt and 92pt
Sidebarhsep and sidebarwidth: 7pt and 92pt
Sidebarvsep and sidebartopsep: 14.5pt and 0pt
Sidebarheight: 590.14995pt
Sidefoothsep and sidefootwidth: 7pt and 92pt
Sidefootvsep and sidefootheight: 14.5pt and 590.14995pt
******************************************************

[5] (./tmf.toc [6

{/home/surtich/.TinyTeX/texmf-dist/fonts/enc/dvips/lm/lm-mathit.enc}]
LaTeX Font Info:    External font `lmex10' loaded for size
(Font)              <10> on input line 57.
LaTeX Font Info:    External font `lmex10' loaded for size
(Font)              <7> on input line 57.
)

Class memoir Warning: The material used in the headers is too large
(15.35403pt) for the given head height (14.5pt), it is recommended to
either increase the head height or redesign the header
(in both cases you will find help in the memoir manual). on input line 571.


Overfull \vbox (0.85403pt too high) has occurred while \output is active []

 [7] [8

]

******************************************************
Stock height and width: 845.04684pt by 597.50787pt
Top and edge trims: 0pt and 0pt
Page height and width: 845.04684pt by 597.50787pt
Text height and width: 664.5pt by 380pt
Spine and edge margins: 108.405pt and 108.405pt
Upper and lower margins: 108.405pt and 72.14185pt
Headheight and headsep: 14.5pt and 19.8738pt
Footskip: 30pt
Columnsep and columnseprule: 10pt and 0pt
Marginparsep and marginparwidth: 7.22743pt and 7.22743pt
Sidecapsep and sidecapwidth: 7pt and 92pt
Sidebarhsep and sidebarwidth: 7pt and 92pt
Sidebarvsep and sidebartopsep: 14.5pt and 0pt
Sidebarheight: 590.14995pt
Sidefoothsep and sidefootwidth: 7pt and 92pt
Sidefootvsep and sidefootheight: 14.5pt and 590.14995pt
******************************************************

(./tmf.lot
LaTeX Font Info:    Trying to load font information for T1+lmtt on input line 22.
 (/home/surtich/.TinyTeX/texmf-dist/tex/latex/lm/t1lmtt.fd
File: t1lmtt.fd 2015/05/01 v1.6.1 Font defs for Latin Modern
)
Overfull \hbox (12.44649pt too wide) in paragraph at lines 22--22
 [][] [][][]\T1/lmr/m/n/12 (-20) Equivalencia en-tre los co-efi-cien-tes cal-cu-la-dos con \T1/lmtt/m/n/12 contr.treatment 
 []


Underfull \vbox (badness 10000) has occurred while \output is active []

 [9

{/home/surtich/.TinyTeX/texmf-dist/fonts/enc/dvips/lm/lm-rm.enc}])

Class memoir Warning: The material used in the headers is too large
(15.39603pt) for the given head height (14.5pt), it is recommended to
either increase the head height or redesign the header
(in both cases you will find help in the memoir manual). on input line 575.


Overfull \vbox (0.89603pt too high) has occurred while \output is active []

 [10]

******************************************************
Stock height and width: 845.04684pt by 597.50787pt
Top and edge trims: 0pt and 0pt
Page height and width: 845.04684pt by 597.50787pt
Text height and width: 664.5pt by 380pt
Spine and edge margins: 108.405pt and 108.405pt
Upper and lower margins: 108.405pt and 72.14185pt
Headheight and headsep: 14.5pt and 19.8738pt
Footskip: 30pt
Columnsep and columnseprule: 10pt and 0pt
Marginparsep and marginparwidth: 7.22743pt and 7.22743pt
Sidecapsep and sidecapwidth: 7pt and 92pt
Sidebarhsep and sidebarwidth: 7pt and 92pt
Sidebarvsep and sidebartopsep: 14.5pt and 0pt
Sidebarheight: 590.14995pt
Sidefoothsep and sidefootwidth: 7pt and 92pt
Sidefootvsep and sidefootheight: 14.5pt and 590.14995pt
******************************************************

(./tmf.lof) (./latex/glossary.tex [11


] [12

] (./tmf.gls))
LaTeX Font Info:    Trying to load font information for T1+lmss on input line 585.
 (/home/surtich/.TinyTeX/texmf-dist/tex/latex/lm/t1lmss.fd
File: t1lmss.fd 2015/05/01 v1.6.1 Font defs for Latin Modern
) [1


] [2

]
LaTeX Font Info:    Trying to load font information for U+fontawesomefree1 on input line 598.
 (/home/surtich/.TinyTeX/texmf-dist/tex/latex/fontawesome5/ufontawesomefree1.fd)
Underfull \vbox (badness 1681) has occurred while \output is active []

 [3{/home/surtich/.TinyTeX/texmf-dist/fonts/enc/dvips/fontawesome5/fa5free1.enc}] [4] [5{/home/surtich/.TinyTeX/texmf-dist/fonts/enc/dvips/lm/lm-mathsy.enc}{/home/surtich/.TinyTeX/texmf-dist/fonts/enc/dvips/lm/lm-mathex.enc}]

LaTeX Warning: Citation 'leton2021' on page 6 undefined on input line 760.


LaTeX Warning: Citation 'leton2021' on page 6 undefined on input line 813.

[6]

LaTeX Warning: Command \' invalid in math mode on input line 887.

[7]
Overfull \hbox (64.6772pt too wide) detected at line 956
[][]
 []

[8]
<2_files/figure-pdf/fig-cumulative-1.pdf, id=412, 492.84125pt x 110.4125pt>
File: 2_files/figure-pdf/fig-cumulative-1.pdf Graphic file (type pdf)
<use 2_files/figure-pdf/fig-cumulative-1.pdf>
Package pdftex.def Info: 2_files/figure-pdf/fig-cumulative-1.pdf  used on input line 1020.
(pdftex.def)             Requested size: 380.01534pt x 85.1358pt.


LaTeX Warning: `h' float specifier changed to `ht'.

[9]
Overfull \hbox (7.17906pt too wide) detected at line 1045
[]\OT1/lmr/m/n/12 (\OML/lmm/m/it/12 Y \OMS/lmsy/m/n/12 ^^T \OML/lmm/m/it/12 k \OMS/lmsy/m/n/12 j \OML/lmm/m/it/12 ^^Q\OT1/lmr/m/n/12 ) = []([] \OMS/lmsy/m/n/12 ^^T \OML/lmm/m/it/12 ^^\[] \OMS/lmsy/m/n/12 j \OML/lmm/m/it/12 ^^Q\OT1/lmr/m/n/12 ) = [](\OML/lmm/m/it/12 ^^Q \OT1/lmr/m/n/12 + \OML/lmm/m/it/12 ^^O \OMS/lmsy/m/n/12 ^^T \OML/lmm/m/it/12 ^^\[]\OT1/lmr/m/n/12 ) = [](\OML/lmm/m/it/12 ^^O \OMS/lmsy/m/n/12 ^^T \OML/lmm/m/it/12 ^^\[] \OMS/lmsy/m/n/12 ^^@ \OML/lmm/m/it/12 ^^Q\OT1/lmr/m/n/12 ) = \OML/lmm/m/it/12 F\OT1/lmr/m/n/12 (\OML/lmm/m/it/12 ^^\[] \OMS/lmsy/m/n/12 ^^@ \OML/lmm/m/it/12 ^^Q\OT1/lmr/m/n/12 )
 []

[10 <./2_files/figure-pdf/fig-cumulative-1.pdf>] [11]

LaTeX Warning: Command \' invalid in math mode on input line 1177.

[12] [13] [14] [15] [16] [17

] [18]
Overfull \hbox (107.56372pt too wide) in alignment at lines 1506--1531
 [] [] 
 []

[19] [20]
Underfull \hbox (badness 4156) in paragraph at lines 1649--1652
[]\T1/lmr/m/n/12 (+20) El fi-che-ro \T1/lmtt/m/n/12 acc \T1/lmr/m/n/12 (+20) con-tie-ne la in-for-ma-cin so-bre las ne-ce-si-da-
 []

[21]
Overfull \hbox (94.12587pt too wide) in alignment at lines 1723--1737
 [] [] [] [] 
 []


Underfull \hbox (badness 10000) in paragraph at lines 1739--1744

 []

[22] [23] [24]
<4_files/figure-pdf/fig-groups-1.pdf, id=583, 437.635pt x 138.5175pt>
File: 4_files/figure-pdf/fig-groups-1.pdf Graphic file (type pdf)
<use 4_files/figure-pdf/fig-groups-1.pdf>
Package pdftex.def Info: 4_files/figure-pdf/fig-groups-1.pdf  used on input line 1870.
(pdftex.def)             Requested size: 380.00482pt x 120.27673pt.


LaTeX Warning: `h' float specifier changed to `ht'.


Underfull \vbox (badness 1112) has occurred while \output is active []

 [25

]
<4_files/figure-pdf/fig-distinct-1.pdf, id=595, 484.81125pt x 247.92625pt>
File: 4_files/figure-pdf/fig-distinct-1.pdf Graphic file (type pdf)
<use 4_files/figure-pdf/fig-distinct-1.pdf>
Package pdftex.def Info: 4_files/figure-pdf/fig-distinct-1.pdf  used on input line 1917.
(pdftex.def)             Requested size: 380.01544pt x 194.33502pt.
 [26 <./4_files/figure-pdf/fig-groups-1.pdf> <./4_files/figure-pdf/fig-distinct-1.pdf>]
<4_files/figure-pdf/fig-compare-1.pdf, id=619, 502.87875pt x 247.92625pt>
File: 4_files/figure-pdf/fig-compare-1.pdf Graphic file (type pdf)
<use 4_files/figure-pdf/fig-compare-1.pdf>
Package pdftex.def Info: 4_files/figure-pdf/fig-compare-1.pdf  used on input line 1959.
(pdftex.def)             Requested size: 379.99725pt x 187.34395pt.
 [27 <./4_files/figure-pdf/fig-compare-1.pdf>]
<4_files/figure-pdf/fig-diff-1.pdf, id=635, 857.2025pt x 562.1pt>
File: 4_files/figure-pdf/fig-diff-1.pdf Graphic file (type pdf)
<use 4_files/figure-pdf/fig-diff-1.pdf>
Package pdftex.def Info: 4_files/figure-pdf/fig-diff-1.pdf  used on input line 2018.
(pdftex.def)             Requested size: 379.99551pt x 249.17738pt.
 [28 <./4_files/figure-pdf/fig-diff-1.pdf>]
<4_files/figure-pdf/fig-freqs-1.pdf, id=655, 499.8675pt x 418.56375pt>
File: 4_files/figure-pdf/fig-freqs-1.pdf Graphic file (type pdf)
<use 4_files/figure-pdf/fig-freqs-1.pdf>
Package pdftex.def Info: 4_files/figure-pdf/fig-freqs-1.pdf  used on input line 2102.
(pdftex.def)             Requested size: 380.01003pt x 318.20116pt.
 [29] [30 <./4_files/figure-pdf/fig-freqs-1.pdf>]
<4_files/figure-pdf/fig-levels-1.pdf, id=677, 495.8525pt x 417.56pt>
File: 4_files/figure-pdf/fig-levels-1.pdf Graphic file (type pdf)
<use 4_files/figure-pdf/fig-levels-1.pdf>
Package pdftex.def Info: 4_files/figure-pdf/fig-levels-1.pdf  used on input line 2168.
(pdftex.def)             Requested size: 379.99931pt x 319.9994pt.
<4_files/figure-pdf/fig-likert-1.pdf, id=679, 487.8225pt x 706.64pt>
File: 4_files/figure-pdf/fig-likert-1.pdf Graphic file (type pdf)
<use 4_files/figure-pdf/fig-likert-1.pdf>
Package pdftex.def Info: 4_files/figure-pdf/fig-likert-1.pdf  used on input line 2191.
(pdftex.def)             Requested size: 189.99692pt x 275.22188pt.

Overfull \hbox (7.83014pt too wide) in paragraph at lines 2187--2192
 [][] 
 []

<4_files/figure-pdf/fig-likert-2.pdf, id=680, 487.8225pt x 706.64pt>
File: 4_files/figure-pdf/fig-likert-2.pdf Graphic file (type pdf)
<use 4_files/figure-pdf/fig-likert-2.pdf>
Package pdftex.def Info: 4_files/figure-pdf/fig-likert-2.pdf  used on input line 2206.
(pdftex.def)             Requested size: 189.99692pt x 275.22188pt.

Overfull \hbox (7.83014pt too wide) in paragraph at lines 2202--2207
 [][] 
 []

<4_files/figure-pdf/fig-likert-3.pdf, id=681, 487.8225pt x 706.64pt>
File: 4_files/figure-pdf/fig-likert-3.pdf Graphic file (type pdf)
<use 4_files/figure-pdf/fig-likert-3.pdf>
Package pdftex.def Info: 4_files/figure-pdf/fig-likert-3.pdf  used on input line 2221.
(pdftex.def)             Requested size: 189.99692pt x 275.22188pt.

Overfull \hbox (7.83014pt too wide) in paragraph at lines 2217--2222
 [][] 
 []

<4_files/figure-pdf/fig-likert-4.pdf, id=682, 487.8225pt x 706.64pt>
File: 4_files/figure-pdf/fig-likert-4.pdf Graphic file (type pdf)
<use 4_files/figure-pdf/fig-likert-4.pdf>
Package pdftex.def Info: 4_files/figure-pdf/fig-likert-4.pdf  used on input line 2236.
(pdftex.def)             Requested size: 189.99692pt x 275.22188pt.

Overfull \hbox (7.83014pt too wide) in paragraph at lines 2232--2237
 [][] 
 []

[31 <./4_files/figure-pdf/fig-levels-1.pdf>] [32 <./4_files/figure-pdf/fig-likert-1.pdf> <./4_files/figure-pdf/fig-likert-2.pdf> <./4_files/figure-pdf/fig-likert-3.pdf> <./4_files/figure-pdf/fig-likert-4.pdf>]
<4_files/figure-pdf/fig-improve-1.pdf, id=731, 499.8675pt x 241.90375pt>
File: 4_files/figure-pdf/fig-improve-1.pdf Graphic file (type pdf)
<use 4_files/figure-pdf/fig-improve-1.pdf>
Package pdftex.def Info: 4_files/figure-pdf/fig-improve-1.pdf  used on input line 2258.
(pdftex.def)             Requested size: 380.01003pt x 183.90042pt.
<4_files/figure-pdf/fig-improve-2-1.pdf, id=732, 499.8675pt x 241.90375pt>
File: 4_files/figure-pdf/fig-improve-2-1.pdf Graphic file (type pdf)
<use 4_files/figure-pdf/fig-improve-2-1.pdf>
Package pdftex.def Info: 4_files/figure-pdf/fig-improve-2-1.pdf  used on input line 2269.
(pdftex.def)             Requested size: 380.01003pt x 183.90042pt.
 [33 <./4_files/figure-pdf/fig-improve-1.pdf> <./4_files/figure-pdf/fig-improve-2-1.pdf>] [34]
LaTeX Font Info:    Trying to load font information for TS1+lmtt on input line 2374.
 (/home/surtich/.TinyTeX/texmf-dist/tex/latex/lm/ts1lmtt.fd
File: ts1lmtt.fd 2015/05/01 v1.6.1 Font defs for Latin Modern
)
LaTeX Font Info:    Font shape `T1/lmtt/bx/n' in size <12> not available
(Font)              Font shape `T1/lmtt/b/n' tried instead on input line 2394.
 [35] [36] [37]
LaTeX Font Info:    External font `lmex10' loaded for size
(Font)              <10.95> on input line 2555.

Overfull \hbox (86.09003pt too wide) in alignment at lines 2590--2608
 [] [] [] [] [] [] [] [] 
 []

[38]
Underfull \hbox (badness 7925) in paragraph at lines 2698--2698
[][]\T1/lmr/m/n/12 (+20) Cuadro[] 4.8: |[]Equi-va-len-cia en-tre los co-efi-cien-tes cal-cu-la-dos con
 []

[39] [40] [41]
Overfull \hbox (38.20668pt too wide) detected at line 2873
[][]
 []

[42]
<4_files/figure-pdf/fig-random-subject-var-1.pdf, id=855, 495.8525pt x 239.89626pt>
File: 4_files/figure-pdf/fig-random-subject-var-1.pdf Graphic file (type pdf)
<use 4_files/figure-pdf/fig-random-subject-var-1.pdf>
Package pdftex.def Info: 4_files/figure-pdf/fig-random-subject-var-1.pdf  used on input line 2941.
(pdftex.def)             Requested size: 379.99931pt x 183.84581pt.

Overfull \hbox (42.10527pt too wide) detected at line 2967
[][]
 []

[43 <./4_files/figure-pdf/fig-random-subject-var-1.pdf>]
Overfull \hbox (2.72426pt too wide) in paragraph at lines 3045--3045
[]\T1/lmtt/m/n/9 clmm_treat.period_treat.subject Response ~ Treat * Period + (1 + Treat | Subject)[] 
 []

[44] [45]
Overfull \hbox (60.52898pt too wide) detected at line 3164
[][][][][]
 []

<4_files/figure-pdf/fig-probs-clmm_treat.period.subject.question-1.pdf, id=885, 493.845pt x 243.91125pt>
File: 4_files/figure-pdf/fig-probs-clmm_treat.period.subject.question-1.pdf Graphic file (type pdf)
<use 4_files/figure-pdf/fig-probs-clmm_treat.period.subject.question-1.pdf>
Package pdftex.def Info: 4_files/figure-pdf/fig-probs-clmm_treat.period.subject.question-1.pdf  used on input line 3176.
(pdftex.def)             Requested size: 379.99808pt x 187.68196pt.
[46 <./4_files/figure-pdf/fig-probs-clmm_treat.period.subject.question-1.pdf>]
Overfull \hbox (12.17424pt too wide) in paragraph at lines 3262--3262
[]\T1/lmtt/m/n/9 Formula: Response ~ Treat * Period + (1 + Treat | Subject) + (1 + Treat | Question)[] 
 []

[47]
Overfull \hbox (34.2507pt too wide) in alignment at lines 3319--3347
 [] [] [] [] [] [] [] [] [] [] 
 []

<4_files/figure-pdf/fig-priors-1.pdf, id=909, 495.8525pt x 240.9pt>
File: 4_files/figure-pdf/fig-priors-1.pdf Graphic file (type pdf)
<use 4_files/figure-pdf/fig-priors-1.pdf>
Package pdftex.def Info: 4_files/figure-pdf/fig-priors-1.pdf  used on input line 3353.
(pdftex.def)             Requested size: 379.99931pt x 184.61504pt.

LaTeX Warning: `h' float specifier changed to `ht'.

[48]
<4_files/figure-pdf/fig-trace-1.pdf, id=918, 489.83pt x 710.655pt>
File: 4_files/figure-pdf/fig-trace-1.pdf Graphic file (type pdf)
<use 4_files/figure-pdf/fig-trace-1.pdf>
Package pdftex.def Info: 4_files/figure-pdf/fig-trace-1.pdf  used on input line 3380.
(pdftex.def)             Requested size: 380.01045pt x 551.32664pt.


LaTeX Warning: `h' float specifier changed to `ht'.

<4_files/figure-pdf/fig-predictive-1.pdf, id=919, 489.83pt x 710.655pt>
File: 4_files/figure-pdf/fig-predictive-1.pdf Graphic file (type pdf)
<use 4_files/figure-pdf/fig-predictive-1.pdf>
Package pdftex.def Info: 4_files/figure-pdf/fig-predictive-1.pdf  used on input line 3392.
(pdftex.def)             Requested size: 380.01045pt x 551.32664pt.

LaTeX Warning: `h' float specifier changed to `ht'.

[49 <./4_files/figure-pdf/fig-priors-1.pdf>] [50 <./4_files/figure-pdf/fig-trace-1.pdf>] [51 <./4_files/figure-pdf/fig-predictive-1.pdf>] [52

] [53] [54]
LaTeX Font Info:    External font `lmex10' loaded for size
(Font)              <9> on input line 3678.
 [55]
Overfull \hbox (90.92471pt too wide) in alignment at lines 3722--3746
 [] [] [] [] [] [] [] 
 []

[56]
<5_files/figure-pdf/fig-or2-1.pdf, id=1009, 288.07625pt x 207.77625pt>
File: 5_files/figure-pdf/fig-or2-1.pdf Graphic file (type pdf)
<use 5_files/figure-pdf/fig-or2-1.pdf>
Package pdftex.def Info: 5_files/figure-pdf/fig-or2-1.pdf  used on input line 3781.
(pdftex.def)             Requested size: 288.08432pt x 207.78206pt.


LaTeX Warning: `h' float specifier changed to `ht'.

[57

] [58 <./5_files/figure-pdf/fig-or2-1.pdf>]
<images/bayes-preg.png, id=1030, 803.0pt x 1204.5pt>
File: images/bayes-preg.png Graphic file (type png)
<use images/bayes-preg.png>
Package pdftex.def Info: images/bayes-preg.png  used on input line 3873.
(pdftex.def)             Requested size: 380.00764pt x 570.01147pt.


LaTeX Warning: `h' float specifier changed to `ht'.

[59] [60 <./images/bayes-preg.png (PNG copy)>]
Underfull \hbox (badness 10000) in paragraph at lines 3892--3892
[][]\T1/lmr/m/n/12 (+20) Christensen, R. H. B. (2022). \T1/lmr/m/it/12 (+20) ordinal---Regression Mo-dels for
 []


Underfull \hbox (badness 4242) in paragraph at lines 3892--3892
\T1/lmr/m/it/12 (+20) Or-di-nal Da-ta\T1/lmr/m/n/12 (+20) . R pac-ka-ge ver-sion 2022.11-16. https://CRAN.R-
 []

[61

]

Package biblatex Warning: No driver for 'books'.
(biblatex)                Using fallback driver on input line 3892.


Package biblatex Warning: No driver for 'books'.
(biblatex)                Using fallback driver on input line 3892.

[62] [63


] [64] [65] [66] [67] [68] [69] [70] [71] [72

]

******************************************************
Stock height and width: 845.04684pt by 597.50787pt
Top and edge trims: 0pt and 0pt
Page height and width: 845.04684pt by 597.50787pt
Text height and width: 664.5pt by 380pt
Spine and edge margins: 108.405pt and 108.405pt
Upper and lower margins: 108.405pt and 72.14185pt
Headheight and headsep: 14.5pt and 19.8738pt
Footskip: 30pt
Columnsep and columnseprule: 10pt and 0pt
Marginparsep and marginparwidth: 7.22743pt and 7.22743pt
Sidecapsep and sidecapwidth: 7pt and 92pt
Sidebarhsep and sidebarwidth: 7pt and 92pt
Sidebarvsep and sidebartopsep: 14.5pt and 0pt
Sidebarheight: 590.14995pt
Sidefoothsep and sidefootwidth: 7pt and 92pt
Sidefootvsep and sidefootheight: 14.5pt and 590.14995pt
******************************************************


******************************************************
Stock height and width: 845.04684pt by 597.50787pt
Top and edge trims: 0pt and 0pt
Page height and width: 845.04684pt by 597.50787pt
Text height and width: 664.5pt by 380pt
Spine and edge margins: 108.405pt and 108.405pt
Upper and lower margins: 108.405pt and 72.14185pt
Headheight and headsep: 14.5pt and 19.8738pt
Footskip: 30pt
Columnsep and columnseprule: 10pt and 0pt
Marginparsep and marginparwidth: 7.22743pt and 7.22743pt
Sidecapsep and sidecapwidth: 7pt and 92pt
Sidebarhsep and sidebarwidth: 7pt and 92pt
Sidebarvsep and sidebartopsep: 14.5pt and 0pt
Sidebarheight: 590.14995pt
Sidefoothsep and sidefootwidth: 7pt and 92pt
Sidefootvsep and sidefootheight: 14.5pt and 590.14995pt
******************************************************


Class memoir Warning: The material used in the headers is too large
(15.39603pt) for the given head height (14.5pt), it is recommended to
either increase the head height or redesign the header
(in both cases you will find help in the memoir manual). on input line 4725.

\tf@toc=\write9
\openout9 = `tmf.toc'.

\tf@lot=\write10
\openout10 = `tmf.lot'.

\tf@lof=\write11
\openout11 = `tmf.lof'.

(./tmf.aux)

LaTeX Font Warning: Some font shapes were not available, defaults substituted.

Package logreq Info: Writing requests to 'tmf.run.xml'.
\openout1 = `tmf.run.xml'.

 ) 
Here is how much of TeX's memory you used:
 54447 strings out of 477989
 1062853 string characters out of 5838288
 2032777 words of memory out of 5000000
 73142 multiletter control sequences out of 15000+600000
 640357 words of font info for 270 fonts, out of 8000000 for 9000
 16 hyphenation exceptions out of 8191
 109i,21n,117p,2305b,2349s stack positions out of 10000i,1000n,20000p,200000b,200000s
</home/surtich/.TinyTeX/texmf-dist/fonts/type1/public/fontawesome5/FontAwesome5Free-Solid.pfb></home/surtich/.TinyTeX/texmf-dist/fonts/type1/public/lm/lmbx12.pfb></home/surtich/.TinyTeX/texmf-dist/fonts/type1/public/lm/lmbxi10.pfb></home/surtich/.TinyTeX/texmf-dist/fonts/type1/public/lm/lmcsc10.pfb></home/surtich/.TinyTeX/texmf-dist/fonts/type1/public/lm/lmex10.pfb></home/surtich/.TinyTeX/texmf-dist/fonts/type1/public/lm/lmmi10.pfb></home/surtich/.TinyTeX/texmf-dist/fonts/type1/public/lm/lmmi12.pfb></home/surtich/.TinyTeX/texmf-dist/fonts/type1/public/lm/lmmi5.pfb></home/surtich/.TinyTeX/texmf-dist/fonts/type1/public/lm/lmmi6.pfb></home/surtich/.TinyTeX/texmf-dist/fonts/type1/public/lm/lmmi7.pfb></home/surtich/.TinyTeX/texmf-dist/fonts/type1/public/lm/lmmi8.pfb></home/surtich/.TinyTeX/texmf-dist/fonts/type1/public/lm/lmmi9.pfb></home/surtich/.TinyTeX/texmf-dist/fonts/type1/public/lm/lmr10.pfb></home/surtich/.TinyTeX/texmf-dist/fonts/type1/public/lm/lmr12.pfb></home/surtich/.TinyTeX/texmf-dist/fonts/type1/public/lm/lmr17.pfb></home/surtich/.TinyTeX/texmf-dist/fonts/type1/public/lm/lmr5.pfb></home/surtich/.TinyTeX/texmf-dist/fonts/type1/public/lm/lmr6.pfb></home/surtich/.TinyTeX/texmf-dist/fonts/type1/public/lm/lmr7.pfb></home/surtich/.TinyTeX/texmf-dist/fonts/type1/public/lm/lmr8.pfb></home/surtich/.TinyTeX/texmf-dist/fonts/type1/public/lm/lmr9.pfb></home/surtich/.TinyTeX/texmf-dist/fonts/type1/public/lm/lmri12.pfb></home/surtich/.TinyTeX/texmf-dist/fonts/type1/public/lm/lmssbx10.pfb></home/surtich/.TinyTeX/texmf-dist/fonts/type1/public/lm/lmsy10.pfb></home/surtich/.TinyTeX/texmf-dist/fonts/type1/public/lm/lmsy5.pfb></home/surtich/.TinyTeX/texmf-dist/fonts/type1/public/lm/lmsy6.pfb></home/surtich/.TinyTeX/texmf-dist/fonts/type1/public/lm/lmsy7.pfb></home/surtich/.TinyTeX/texmf-dist/fonts/type1/public/lm/lmsy8.pfb></home/surtich/.TinyTeX/texmf-dist/fonts/type1/public/lm/lmtk10.pfb></home/surtich/.TinyTeX/texmf-dist/fonts/type1/public/lm/lmtt10.pfb></home/surtich/.TinyTeX/texmf-dist/fonts/type1/public/lm/lmtt12.pfb></home/surtich/.TinyTeX/texmf-dist/fonts/type1/public/lm/lmtt8.pfb></home/surtich/.TinyTeX/texmf-dist/fonts/type1/public/lm/lmtt9.pfb></home/surtich/.TinyTeX/texmf-dist/fonts/type1/public/amsfonts/symbols/msbm10.pfb>
Output written on tmf.pdf (84 pages, 2219005 bytes).
PDF statistics:
 1565 PDF objects out of 1728 (max. 8388607)
 1312 compressed objects within 14 object streams
 333 named destinations out of 1000 (max. 500000)
 72307 words of extra memory for PDF output out of 74296 (max. 10000000)

